{
  "stats": {
    "suites": 18,
    "tests": 66,
    "passes": 49,
    "pending": 0,
    "failures": 17,
    "start": "2025-12-12T20:18:33.343Z",
    "end": "2025-12-12T20:21:14.051Z",
    "duration": 160708,
    "testsRegistered": 66,
    "passPercent": 74.24242424242425,
    "pendingPercent": 0,
    "other": 0,
    "hasOther": false,
    "skipped": 0,
    "hasSkipped": false
  },
  "results": [
    {
      "uuid": "61ee18cd-48d4-459a-b310-fced05c96270",
      "title": "",
      "fullFile": "cypress/e2e/test_tasksList.cy.ts",
      "file": "cypress/e2e/test_tasksList.cy.ts",
      "beforeHooks": [],
      "afterHooks": [],
      "tests": [],
      "suites": [
        {
          "uuid": "df37bf33-13ab-46ec-801a-ed72e92be432",
          "title": "Task List E2E Tests",
          "fullFile": "",
          "file": "",
          "beforeHooks": [],
          "afterHooks": [],
          "tests": [],
          "suites": [
            {
              "uuid": "9e4767bc-bb58-4778-b10c-a34d43094423",
              "title": "Page Layout and Header",
              "fullFile": "",
              "file": "",
              "beforeHooks": [],
              "afterHooks": [],
              "tests": [
                {
                  "title": "should display page title",
                  "fullTitle": "Task List E2E Tests Page Layout and Header should display page title",
                  "timedOut": null,
                  "duration": 1092,
                  "state": "passed",
                  "speed": "fast",
                  "pass": true,
                  "fail": false,
                  "pending": false,
                  "context": null,
                  "code": "cy.contains('My Tasks').should('be.visible');",
                  "err": {},
                  "uuid": "ca26bded-11d4-41f7-9683-761a49f6a73e",
                  "parentUUID": "9e4767bc-bb58-4778-b10c-a34d43094423",
                  "isHook": false,
                  "skipped": false
                },
                {
                  "title": "should display refresh button",
                  "fullTitle": "Task List E2E Tests Page Layout and Header should display refresh button",
                  "timedOut": null,
                  "duration": 749,
                  "state": "passed",
                  "speed": "fast",
                  "pass": true,
                  "fail": false,
                  "pending": false,
                  "context": null,
                  "code": "cy.contains('button', 'Refresh').should('be.visible');",
                  "err": {},
                  "uuid": "5ad5a8ad-b5b5-46fb-a842-af4acd890de5",
                  "parentUUID": "9e4767bc-bb58-4778-b10c-a34d43094423",
                  "isHook": false,
                  "skipped": false
                },
                {
                  "title": "should display create task button",
                  "fullTitle": "Task List E2E Tests Page Layout and Header should display create task button",
                  "timedOut": null,
                  "duration": 749,
                  "state": "passed",
                  "speed": "fast",
                  "pass": true,
                  "fail": false,
                  "pending": false,
                  "context": null,
                  "code": "cy.contains('button', 'Create Task').should('be.visible');",
                  "err": {},
                  "uuid": "c3c06e9f-889c-4246-8a46-3e87e8004c6c",
                  "parentUUID": "9e4767bc-bb58-4778-b10c-a34d43094423",
                  "isHook": false,
                  "skipped": false
                },
                {
                  "title": "should have functional header actions",
                  "fullTitle": "Task List E2E Tests Page Layout and Header should have functional header actions",
                  "timedOut": null,
                  "duration": 735,
                  "state": "passed",
                  "speed": "fast",
                  "pass": true,
                  "fail": false,
                  "pending": false,
                  "context": null,
                  "code": "cy.get('.header-actions button').should('have.length', 2);",
                  "err": {},
                  "uuid": "644e77e2-773b-4552-b4bd-1a3e650d73cf",
                  "parentUUID": "9e4767bc-bb58-4778-b10c-a34d43094423",
                  "isHook": false,
                  "skipped": false
                }
              ],
              "suites": [],
              "passes": [
                "ca26bded-11d4-41f7-9683-761a49f6a73e",
                "5ad5a8ad-b5b5-46fb-a842-af4acd890de5",
                "c3c06e9f-889c-4246-8a46-3e87e8004c6c",
                "644e77e2-773b-4552-b4bd-1a3e650d73cf"
              ],
              "failures": [],
              "pending": [],
              "skipped": [],
              "duration": 3325,
              "root": false,
              "rootEmpty": false,
              "_timeout": 2000
            },
            {
              "uuid": "d30f5c59-6883-4d5e-97b9-2aec4fc0f5a1",
              "title": "Task Statistics",
              "fullFile": "",
              "file": "",
              "beforeHooks": [],
              "afterHooks": [],
              "tests": [
                {
                  "title": "should display all stat cards",
                  "fullTitle": "Task List E2E Tests Task Statistics should display all stat cards",
                  "timedOut": null,
                  "duration": 838,
                  "state": "passed",
                  "speed": "fast",
                  "pass": true,
                  "fail": false,
                  "pending": false,
                  "context": null,
                  "code": "cy.get('.task-stats .stat-item').should('have.length', 6);",
                  "err": {},
                  "uuid": "3b329854-55bb-41ff-aded-99058f0fa69e",
                  "parentUUID": "d30f5c59-6883-4d5e-97b9-2aec4fc0f5a1",
                  "isHook": false,
                  "skipped": false
                },
                {
                  "title": "should display total tasks stat",
                  "fullTitle": "Task List E2E Tests Task Statistics should display total tasks stat",
                  "timedOut": null,
                  "duration": 796,
                  "state": "passed",
                  "speed": "fast",
                  "pass": true,
                  "fail": false,
                  "pending": false,
                  "context": null,
                  "code": "cy.contains('.stat-item', 'Total').should('be.visible');\ncy.contains('.stat-item', 'Total').find('.stat-value').should('exist');",
                  "err": {},
                  "uuid": "b9457470-c69d-45fc-9da5-3ceb0343f60c",
                  "parentUUID": "d30f5c59-6883-4d5e-97b9-2aec4fc0f5a1",
                  "isHook": false,
                  "skipped": false
                },
                {
                  "title": "should display todo tasks stat",
                  "fullTitle": "Task List E2E Tests Task Statistics should display todo tasks stat",
                  "timedOut": null,
                  "duration": 760,
                  "state": "passed",
                  "speed": "fast",
                  "pass": true,
                  "fail": false,
                  "pending": false,
                  "context": null,
                  "code": "cy.contains('.stat-item', 'Todo').should('be.visible');",
                  "err": {},
                  "uuid": "39740ab5-3865-4b70-af5b-01a5d7e91b54",
                  "parentUUID": "d30f5c59-6883-4d5e-97b9-2aec4fc0f5a1",
                  "isHook": false,
                  "skipped": false
                },
                {
                  "title": "should display doing tasks stat",
                  "fullTitle": "Task List E2E Tests Task Statistics should display doing tasks stat",
                  "timedOut": null,
                  "duration": 758,
                  "state": "passed",
                  "speed": "fast",
                  "pass": true,
                  "fail": false,
                  "pending": false,
                  "context": null,
                  "code": "cy.contains('.stat-item', 'Doing').should('be.visible');",
                  "err": {},
                  "uuid": "5086f142-190f-4fa6-bae4-7b77c0ba66ae",
                  "parentUUID": "d30f5c59-6883-4d5e-97b9-2aec4fc0f5a1",
                  "isHook": false,
                  "skipped": false
                },
                {
                  "title": "should display done tasks stat",
                  "fullTitle": "Task List E2E Tests Task Statistics should display done tasks stat",
                  "timedOut": null,
                  "duration": 799,
                  "state": "passed",
                  "speed": "fast",
                  "pass": true,
                  "fail": false,
                  "pending": false,
                  "context": null,
                  "code": "cy.contains('.stat-item', 'Done').should('be.visible');",
                  "err": {},
                  "uuid": "33d05b21-471e-4764-a237-4a2a20646cc6",
                  "parentUUID": "d30f5c59-6883-4d5e-97b9-2aec4fc0f5a1",
                  "isHook": false,
                  "skipped": false
                },
                {
                  "title": "should display overdue tasks stat",
                  "fullTitle": "Task List E2E Tests Task Statistics should display overdue tasks stat",
                  "timedOut": null,
                  "duration": 749,
                  "state": "passed",
                  "speed": "fast",
                  "pass": true,
                  "fail": false,
                  "pending": false,
                  "context": null,
                  "code": "cy.contains('.stat-item', 'Overdue').should('be.visible');",
                  "err": {},
                  "uuid": "316b9d1a-4525-450e-b920-1a9455b8c778",
                  "parentUUID": "d30f5c59-6883-4d5e-97b9-2aec4fc0f5a1",
                  "isHook": false,
                  "skipped": false
                },
                {
                  "title": "should display completion rate stat",
                  "fullTitle": "Task List E2E Tests Task Statistics should display completion rate stat",
                  "timedOut": null,
                  "duration": 719,
                  "state": "passed",
                  "speed": "fast",
                  "pass": true,
                  "fail": false,
                  "pending": false,
                  "context": null,
                  "code": "cy.contains('.stat-item', 'Completion').should('be.visible');\ncy.contains('.stat-item', 'Completion').find('.stat-value').should('contain', '%');",
                  "err": {},
                  "uuid": "a99fb908-5753-4eb1-8117-50b6d89c2dfc",
                  "parentUUID": "d30f5c59-6883-4d5e-97b9-2aec4fc0f5a1",
                  "isHook": false,
                  "skipped": false
                },
                {
                  "title": "should update stats after creating a task",
                  "fullTitle": "Task List E2E Tests Task Statistics should update stats after creating a task",
                  "timedOut": null,
                  "duration": 1310,
                  "state": "passed",
                  "speed": "fast",
                  "pass": true,
                  "fail": false,
                  "pending": false,
                  "context": null,
                  "code": "cy.intercept('GET', `${apiUrl}/task/stats/summary`).as('getStats');\ncy.get('.stat-item').contains('Total').parent().find('.stat-value').invoke('text').then((initialTotal) => {\n    cy.contains('button', 'Create Task').click();\n    cy.get('#title').type('New Task for Stats');\n    cy.get('button[type=\"submit\"]').click();\n    cy.wait('@getStats');\n    cy.get('.stat-item').contains('Total').parent().find('.stat-value').should('not.have.text', initialTotal);\n});",
                  "err": {},
                  "uuid": "0fac8a18-3672-46f0-a4ea-8d6b7f4270cd",
                  "parentUUID": "d30f5c59-6883-4d5e-97b9-2aec4fc0f5a1",
                  "isHook": false,
                  "skipped": false
                }
              ],
              "suites": [],
              "passes": [
                "3b329854-55bb-41ff-aded-99058f0fa69e",
                "b9457470-c69d-45fc-9da5-3ceb0343f60c",
                "39740ab5-3865-4b70-af5b-01a5d7e91b54",
                "5086f142-190f-4fa6-bae4-7b77c0ba66ae",
                "33d05b21-471e-4764-a237-4a2a20646cc6",
                "316b9d1a-4525-450e-b920-1a9455b8c778",
                "a99fb908-5753-4eb1-8117-50b6d89c2dfc",
                "0fac8a18-3672-46f0-a4ea-8d6b7f4270cd"
              ],
              "failures": [],
              "pending": [],
              "skipped": [],
              "duration": 6729,
              "root": false,
              "rootEmpty": false,
              "_timeout": 2000
            },
            {
              "uuid": "36204ac9-53fe-4a9b-b128-6ae78350bc61",
              "title": "Task List Display",
              "fullFile": "",
              "file": "",
              "beforeHooks": [],
              "afterHooks": [],
              "tests": [
                {
                  "title": "should display task cards when tasks exist",
                  "fullTitle": "Task List E2E Tests Task List Display should display task cards when tasks exist",
                  "timedOut": null,
                  "duration": 819,
                  "state": "passed",
                  "speed": "fast",
                  "pass": true,
                  "fail": false,
                  "pending": false,
                  "context": null,
                  "code": "cy.get('.task-card').should('exist');",
                  "err": {},
                  "uuid": "779d3bb5-a928-4708-a47b-b77b9f7109b0",
                  "parentUUID": "36204ac9-53fe-4a9b-b128-6ae78350bc61",
                  "isHook": false,
                  "skipped": false
                },
                {
                  "title": "should display empty state when no tasks exist",
                  "fullTitle": "Task List E2E Tests Task List Display should display empty state when no tasks exist",
                  "timedOut": null,
                  "duration": 886,
                  "state": "passed",
                  "speed": "fast",
                  "pass": true,
                  "fail": false,
                  "pending": false,
                  "context": null,
                  "code": "cy.intercept('GET', `${apiUrl}/task?*`, {\n    statusCode: 200,\n    body: {\n        status: 200,\n        list: [],\n        total_pages: 0,\n        total_records: 0\n    }\n});\ncy.reload();\ncy.contains('No tasks yet').should('be.visible');\ncy.contains('Create your first task to get started').should('be.visible');",
                  "err": {},
                  "uuid": "93d53ed2-0f82-4643-bc49-2b624a770b1b",
                  "parentUUID": "36204ac9-53fe-4a9b-b128-6ae78350bc61",
                  "isHook": false,
                  "skipped": false
                },
                {
                  "title": "should display task title",
                  "fullTitle": "Task List E2E Tests Task List Display should display task title",
                  "timedOut": null,
                  "duration": 787,
                  "state": "passed",
                  "speed": "fast",
                  "pass": true,
                  "fail": false,
                  "pending": false,
                  "context": null,
                  "code": "cy.get('.task-card').first().find('.task-title').should('be.visible').and('not.be.empty');",
                  "err": {},
                  "uuid": "74224dd7-5949-4d2f-b3b3-614c6915caac",
                  "parentUUID": "36204ac9-53fe-4a9b-b128-6ae78350bc61",
                  "isHook": false,
                  "skipped": false
                },
                {
                  "title": "should display task state badge",
                  "fullTitle": "Task List E2E Tests Task List Display should display task state badge",
                  "timedOut": null,
                  "duration": 750,
                  "state": "passed",
                  "speed": "fast",
                  "pass": true,
                  "fail": false,
                  "pending": false,
                  "context": null,
                  "code": "cy.get('.task-card').first().find('.task-state-badge').should('be.visible');",
                  "err": {},
                  "uuid": "c5485180-5e4c-40ec-806c-9bb672013d04",
                  "parentUUID": "36204ac9-53fe-4a9b-b128-6ae78350bc61",
                  "isHook": false,
                  "skipped": false
                },
                {
                  "title": "should display task description if present",
                  "fullTitle": "Task List E2E Tests Task List Display should display task description if present",
                  "timedOut": null,
                  "duration": 750,
                  "state": "passed",
                  "speed": "fast",
                  "pass": true,
                  "fail": false,
                  "pending": false,
                  "context": null,
                  "code": "cy.get('.task-card').first().then(($card) => {\n    if ($card.find('.task-description').length > 0) {\n        cy.wrap($card).find('.task-description').should('be.visible');\n    }\n});",
                  "err": {},
                  "uuid": "d7be6b02-69e8-4f6b-a5b7-86c3746efafd",
                  "parentUUID": "36204ac9-53fe-4a9b-b128-6ae78350bc61",
                  "isHook": false,
                  "skipped": false
                },
                {
                  "title": "should display created date",
                  "fullTitle": "Task List E2E Tests Task List Display should display created date",
                  "timedOut": null,
                  "duration": 720,
                  "state": "passed",
                  "speed": "fast",
                  "pass": true,
                  "fail": false,
                  "pending": false,
                  "context": null,
                  "code": "cy.get('.task-card').first().contains('Created:').should('be.visible');",
                  "err": {},
                  "uuid": "a89a5db2-4e07-4df1-b1ac-8e7c597bda8c",
                  "parentUUID": "36204ac9-53fe-4a9b-b128-6ae78350bc61",
                  "isHook": false,
                  "skipped": false
                },
                {
                  "title": "should display action buttons",
                  "fullTitle": "Task List E2E Tests Task List Display should display action buttons",
                  "timedOut": null,
                  "duration": 769,
                  "state": "passed",
                  "speed": "fast",
                  "pass": true,
                  "fail": false,
                  "pending": false,
                  "context": null,
                  "code": "cy.get('.task-card').first().within(() => {\n    cy.contains('button', 'Edit').should('be.visible');\n    cy.contains('button', 'Delete').should('be.visible');\n});",
                  "err": {},
                  "uuid": "7f34a028-2378-43e3-981a-2f14a59fd89d",
                  "parentUUID": "36204ac9-53fe-4a9b-b128-6ae78350bc61",
                  "isHook": false,
                  "skipped": false
                }
              ],
              "suites": [],
              "passes": [
                "779d3bb5-a928-4708-a47b-b77b9f7109b0",
                "93d53ed2-0f82-4643-bc49-2b624a770b1b",
                "74224dd7-5949-4d2f-b3b3-614c6915caac",
                "c5485180-5e4c-40ec-806c-9bb672013d04",
                "d7be6b02-69e8-4f6b-a5b7-86c3746efafd",
                "a89a5db2-4e07-4df1-b1ac-8e7c597bda8c",
                "7f34a028-2378-43e3-981a-2f14a59fd89d"
              ],
              "failures": [],
              "pending": [],
              "skipped": [],
              "duration": 5481,
              "root": false,
              "rootEmpty": false,
              "_timeout": 2000
            },
            {
              "uuid": "993c490d-ff71-4a2f-ad21-cc8b655fbb61",
              "title": "Task State Management",
              "fullFile": "",
              "file": "",
              "beforeHooks": [],
              "afterHooks": [],
              "tests": [
                {
                  "title": "should display correct state badge",
                  "fullTitle": "Task List E2E Tests Task State Management should display correct state badge",
                  "timedOut": null,
                  "duration": 4919,
                  "state": "failed",
                  "speed": null,
                  "pass": false,
                  "fail": true,
                  "pending": false,
                  "context": null,
                  "code": "cy.get('.task-card').first().find('.task-state-badge').should('contain.text', /To Do|In Progress|Done/);",
                  "err": {
                    "message": "AssertionError: Timed out retrying after 4000ms: expected '<span.task-state-badge.state-todo>' to contain text /To Do|In Progress|Done/, but the text was ' 📋 To Do '",
                    "estack": "AssertionError: Timed out retrying after 4000ms: expected '<span.task-state-badge.state-todo>' to contain text /To Do|In Progress|Done/, but the text was ' 📋 To Do '\n    at Context.eval (webpack://task-manager/./cypress/e2e/test_tasksList.cy.ts:127:61)",
                    "diff": "- ' 📋 To Do '\n+ /To Do|In Progress|Done/\n"
                  },
                  "uuid": "20b6744a-eabf-45a1-ad48-e0c2727631ff",
                  "parentUUID": "993c490d-ff71-4a2f-ad21-cc8b655fbb61",
                  "isHook": false,
                  "skipped": false
                },
                {
                  "title": "should change task state when clicking state badge",
                  "fullTitle": "Task List E2E Tests Task State Management should change task state when clicking state badge",
                  "timedOut": null,
                  "duration": 5883,
                  "state": "failed",
                  "speed": null,
                  "pass": false,
                  "fail": true,
                  "pending": false,
                  "context": null,
                  "code": "cy.intercept('POST', `${apiUrl}/task/*/toggle`).as('toggleState');\ncy.get('.task-card').first().find('.task-state-badge').click();\ncy.wait('@toggleState').its('response.statusCode').should('eq', 200);",
                  "err": {
                    "message": "CypressError: Timed out retrying after 5000ms: `cy.wait()` timed out waiting `5000ms` for the 1st request to the route: `toggleState`. No request ever occurred.\n\nhttps://on.cypress.io/wait",
                    "estack": "CypressError: Timed out retrying after 5000ms: `cy.wait()` timed out waiting `5000ms` for the 1st request to the route: `toggleState`. No request ever occurred.\n\nhttps://on.cypress.io/wait\n    at cypressErr (http://localhost:4200/__cypress/runner/cypress_runner.js:77985:18)\n    at Object.errByPath (http://localhost:4200/__cypress/runner/cypress_runner.js:78053:10)\n    at checkForXhr (http://localhost:4200/__cypress/runner/cypress_runner.js:138416:84)\n    at <unknown> (http://localhost:4200/__cypress/runner/cypress_runner.js:138441:28)\n    at tryCatcher (http://localhost:4200/__cypress/runner/cypress_runner.js:1777:23)\n    at Promise.attempt.Promise.try (http://localhost:4200/__cypress/runner/cypress_runner.js:4285:29)\n    at whenStable (http://localhost:4200/__cypress/runner/cypress_runner.js:151493:68)\n    at <unknown> (http://localhost:4200/__cypress/runner/cypress_runner.js:151434:14)\n    at tryCatcher (http://localhost:4200/__cypress/runner/cypress_runner.js:1777:23)\n    at Promise._settlePromiseFromHandler (http://localhost:4200/__cypress/runner/cypress_runner.js:1489:31)\n    at Promise._settlePromise (http://localhost:4200/__cypress/runner/cypress_runner.js:1546:18)\n    at Promise._settlePromise0 (http://localhost:4200/__cypress/runner/cypress_runner.js:1591:10)\n    at Promise._settlePromises (http://localhost:4200/__cypress/runner/cypress_runner.js:1671:18)\n    at Promise._fulfill (http://localhost:4200/__cypress/runner/cypress_runner.js:1615:18)\n    at <unknown> (http://localhost:4200/__cypress/runner/cypress_runner.js:5420:46)",
                    "diff": null
                  },
                  "uuid": "53772be3-f5da-4df4-a0da-d921a6e7b484",
                  "parentUUID": "993c490d-ff71-4a2f-ad21-cc8b655fbb61",
                  "isHook": false,
                  "skipped": false
                },
                {
                  "title": "should change task state using next state button",
                  "fullTitle": "Task List E2E Tests Task State Management should change task state using next state button",
                  "timedOut": null,
                  "duration": 5943,
                  "state": "failed",
                  "speed": null,
                  "pass": false,
                  "fail": true,
                  "pending": false,
                  "context": null,
                  "code": "cy.intercept('POST', `${apiUrl}/task/*/toggle`).as('toggleState');\ncy.get('.task-card').first().contains('button', 'Next:').click();\ncy.wait('@toggleState').its('response.statusCode').should('eq', 200);",
                  "err": {
                    "message": "CypressError: Timed out retrying after 5000ms: `cy.wait()` timed out waiting `5000ms` for the 1st request to the route: `toggleState`. No request ever occurred.\n\nhttps://on.cypress.io/wait",
                    "estack": "CypressError: Timed out retrying after 5000ms: `cy.wait()` timed out waiting `5000ms` for the 1st request to the route: `toggleState`. No request ever occurred.\n\nhttps://on.cypress.io/wait\n    at cypressErr (http://localhost:4200/__cypress/runner/cypress_runner.js:77985:18)\n    at Object.errByPath (http://localhost:4200/__cypress/runner/cypress_runner.js:78053:10)\n    at checkForXhr (http://localhost:4200/__cypress/runner/cypress_runner.js:138416:84)\n    at <unknown> (http://localhost:4200/__cypress/runner/cypress_runner.js:138441:28)\n    at tryCatcher (http://localhost:4200/__cypress/runner/cypress_runner.js:1777:23)\n    at Promise.attempt.Promise.try (http://localhost:4200/__cypress/runner/cypress_runner.js:4285:29)\n    at whenStable (http://localhost:4200/__cypress/runner/cypress_runner.js:151493:68)\n    at <unknown> (http://localhost:4200/__cypress/runner/cypress_runner.js:151434:14)\n    at tryCatcher (http://localhost:4200/__cypress/runner/cypress_runner.js:1777:23)\n    at Promise._settlePromiseFromHandler (http://localhost:4200/__cypress/runner/cypress_runner.js:1489:31)\n    at Promise._settlePromise (http://localhost:4200/__cypress/runner/cypress_runner.js:1546:18)\n    at Promise._settlePromise0 (http://localhost:4200/__cypress/runner/cypress_runner.js:1591:10)\n    at Promise._settlePromises (http://localhost:4200/__cypress/runner/cypress_runner.js:1671:18)\n    at Promise._fulfill (http://localhost:4200/__cypress/runner/cypress_runner.js:1615:18)\n    at <unknown> (http://localhost:4200/__cypress/runner/cypress_runner.js:5420:46)",
                    "diff": null
                  },
                  "uuid": "37ffb002-e1de-4c90-bf88-760dca32c722",
                  "parentUUID": "993c490d-ff71-4a2f-ad21-cc8b655fbb61",
                  "isHook": false,
                  "skipped": false
                },
                {
                  "title": "should cycle through states: todo -> doing -> done -> todo",
                  "fullTitle": "Task List E2E Tests Task State Management should cycle through states: todo -> doing -> done -> todo",
                  "timedOut": null,
                  "duration": 5905,
                  "state": "failed",
                  "speed": null,
                  "pass": false,
                  "fail": true,
                  "pending": false,
                  "context": null,
                  "code": "cy.intercept('POST', `${apiUrl}/task/*/toggle`).as('toggleState');\nconst taskCard = cy.get('.task-card').first();\n// Click state badge multiple times\ntaskCard.find('.task-state-badge').click();\ncy.wait('@toggleState');\ntaskCard.find('.task-state-badge').click();\ncy.wait('@toggleState');\ntaskCard.find('.task-state-badge').click();\ncy.wait('@toggleState');",
                  "err": {
                    "message": "CypressError: Timed out retrying after 5000ms: `cy.wait()` timed out waiting `5000ms` for the 1st request to the route: `toggleState`. No request ever occurred.\n\nhttps://on.cypress.io/wait",
                    "estack": "CypressError: Timed out retrying after 5000ms: `cy.wait()` timed out waiting `5000ms` for the 1st request to the route: `toggleState`. No request ever occurred.\n\nhttps://on.cypress.io/wait\n    at cypressErr (http://localhost:4200/__cypress/runner/cypress_runner.js:77985:18)\n    at Object.errByPath (http://localhost:4200/__cypress/runner/cypress_runner.js:78053:10)\n    at checkForXhr (http://localhost:4200/__cypress/runner/cypress_runner.js:138416:84)\n    at <unknown> (http://localhost:4200/__cypress/runner/cypress_runner.js:138441:28)\n    at tryCatcher (http://localhost:4200/__cypress/runner/cypress_runner.js:1777:23)\n    at Promise.attempt.Promise.try (http://localhost:4200/__cypress/runner/cypress_runner.js:4285:29)\n    at whenStable (http://localhost:4200/__cypress/runner/cypress_runner.js:151493:68)\n    at <unknown> (http://localhost:4200/__cypress/runner/cypress_runner.js:151434:14)\n    at tryCatcher (http://localhost:4200/__cypress/runner/cypress_runner.js:1777:23)\n    at Promise._settlePromiseFromHandler (http://localhost:4200/__cypress/runner/cypress_runner.js:1489:31)\n    at Promise._settlePromise (http://localhost:4200/__cypress/runner/cypress_runner.js:1546:18)\n    at Promise._settlePromise0 (http://localhost:4200/__cypress/runner/cypress_runner.js:1591:10)\n    at Promise._settlePromises (http://localhost:4200/__cypress/runner/cypress_runner.js:1671:18)\n    at Promise._fulfill (http://localhost:4200/__cypress/runner/cypress_runner.js:1615:18)\n    at <unknown> (http://localhost:4200/__cypress/runner/cypress_runner.js:5420:46)",
                    "diff": null
                  },
                  "uuid": "a2babc22-9323-4a17-aba1-75dcec75ab6f",
                  "parentUUID": "993c490d-ff71-4a2f-ad21-cc8b655fbb61",
                  "isHook": false,
                  "skipped": false
                },
                {
                  "title": "should show completed styling for done tasks",
                  "fullTitle": "Task List E2E Tests Task State Management should show completed styling for done tasks",
                  "timedOut": null,
                  "duration": 755,
                  "state": "passed",
                  "speed": "fast",
                  "pass": true,
                  "fail": false,
                  "pending": false,
                  "context": null,
                  "code": "cy.get('.task-card').each(($card) => {\n    cy.wrap($card).find('.task-state-badge').then(($badge) => {\n        if ($badge.text().includes('Done')) {\n            cy.wrap($card).should('have.class', 'completed');\n        }\n    });\n});",
                  "err": {},
                  "uuid": "d8b917e7-e1bd-442d-aa0c-91f20e0f70a4",
                  "parentUUID": "993c490d-ff71-4a2f-ad21-cc8b655fbb61",
                  "isHook": false,
                  "skipped": false
                }
              ],
              "suites": [],
              "passes": [
                "d8b917e7-e1bd-442d-aa0c-91f20e0f70a4"
              ],
              "failures": [
                "20b6744a-eabf-45a1-ad48-e0c2727631ff",
                "53772be3-f5da-4df4-a0da-d921a6e7b484",
                "37ffb002-e1de-4c90-bf88-760dca32c722",
                "a2babc22-9323-4a17-aba1-75dcec75ab6f"
              ],
              "pending": [],
              "skipped": [],
              "duration": 23405,
              "root": false,
              "rootEmpty": false,
              "_timeout": 2000
            },
            {
              "uuid": "218e00b6-94b3-4192-9db5-30968a449187",
              "title": "Task Checkbox Functionality",
              "fullFile": "",
              "file": "",
              "beforeHooks": [],
              "afterHooks": [],
              "tests": [
                {
                  "title": "should have checkbox for each task",
                  "fullTitle": "Task List E2E Tests Task Checkbox Functionality should have checkbox for each task",
                  "timedOut": null,
                  "duration": 714,
                  "state": "passed",
                  "speed": "fast",
                  "pass": true,
                  "fail": false,
                  "pending": false,
                  "context": null,
                  "code": "cy.get('.task-card').first().find('.task-checkbox').should('exist');",
                  "err": {},
                  "uuid": "df17ece2-7e3b-4ad5-ad80-0ab440c083b8",
                  "parentUUID": "218e00b6-94b3-4192-9db5-30968a449187",
                  "isHook": false,
                  "skipped": false
                },
                {
                  "title": "should mark task as done when checkbox is checked",
                  "fullTitle": "Task List E2E Tests Task Checkbox Functionality should mark task as done when checkbox is checked",
                  "timedOut": null,
                  "duration": 5911,
                  "state": "failed",
                  "speed": null,
                  "pass": false,
                  "fail": true,
                  "pending": false,
                  "context": null,
                  "code": "cy.intercept('POST', `${apiUrl}/task/*/done`).as('markAsDone');\ncy.get('.task-card').first().find('.task-checkbox:not(:checked)').first().check();\ncy.wait('@markAsDone').its('response.statusCode').should('eq', 200);",
                  "err": {
                    "message": "CypressError: Timed out retrying after 5000ms: `cy.wait()` timed out waiting `5000ms` for the 1st request to the route: `markAsDone`. No request ever occurred.\n\nhttps://on.cypress.io/wait",
                    "estack": "CypressError: Timed out retrying after 5000ms: `cy.wait()` timed out waiting `5000ms` for the 1st request to the route: `markAsDone`. No request ever occurred.\n\nhttps://on.cypress.io/wait\n    at cypressErr (http://localhost:4200/__cypress/runner/cypress_runner.js:77985:18)\n    at Object.errByPath (http://localhost:4200/__cypress/runner/cypress_runner.js:78053:10)\n    at checkForXhr (http://localhost:4200/__cypress/runner/cypress_runner.js:138416:84)\n    at <unknown> (http://localhost:4200/__cypress/runner/cypress_runner.js:138441:28)\n    at tryCatcher (http://localhost:4200/__cypress/runner/cypress_runner.js:1777:23)\n    at Promise.attempt.Promise.try (http://localhost:4200/__cypress/runner/cypress_runner.js:4285:29)\n    at whenStable (http://localhost:4200/__cypress/runner/cypress_runner.js:151493:68)\n    at <unknown> (http://localhost:4200/__cypress/runner/cypress_runner.js:151434:14)\n    at tryCatcher (http://localhost:4200/__cypress/runner/cypress_runner.js:1777:23)\n    at Promise._settlePromiseFromHandler (http://localhost:4200/__cypress/runner/cypress_runner.js:1489:31)\n    at Promise._settlePromise (http://localhost:4200/__cypress/runner/cypress_runner.js:1546:18)\n    at Promise._settlePromise0 (http://localhost:4200/__cypress/runner/cypress_runner.js:1591:10)\n    at Promise._settlePromises (http://localhost:4200/__cypress/runner/cypress_runner.js:1671:18)\n    at Promise._fulfill (http://localhost:4200/__cypress/runner/cypress_runner.js:1615:18)\n    at <unknown> (http://localhost:4200/__cypress/runner/cypress_runner.js:5420:46)",
                    "diff": null
                  },
                  "uuid": "6e802a16-f218-4050-b9ff-17849413a4cb",
                  "parentUUID": "218e00b6-94b3-4192-9db5-30968a449187",
                  "isHook": false,
                  "skipped": false
                },
                {
                  "title": "should reopen task when unchecking done task",
                  "fullTitle": "Task List E2E Tests Task Checkbox Functionality should reopen task when unchecking done task",
                  "timedOut": null,
                  "duration": 4845,
                  "state": "failed",
                  "speed": null,
                  "pass": false,
                  "fail": true,
                  "pending": false,
                  "context": null,
                  "code": "cy.intercept('POST', `${apiUrl}/task/*/toggle`).as('toggleState');\ncy.get('.task-card').first().find('.task-checkbox:checked').first().uncheck();\ncy.wait('@toggleState').its('response.statusCode').should('eq', 200);",
                  "err": {
                    "message": "AssertionError: Timed out retrying after 4000ms: Expected to find element: `.task-checkbox:checked`, but never found it. Queried from:\n\n              > cy.get(.task-card).first()",
                    "estack": "AssertionError: Timed out retrying after 4000ms: Expected to find element: `.task-checkbox:checked`, but never found it. Queried from:\n\n              > cy.get(.task-card).first()\n    at Context.eval (webpack://task-manager/./cypress/e2e/test_tasksList.cy.ts:189:35)",
                    "diff": null
                  },
                  "uuid": "c384e61b-4e8e-4864-91f5-043f8a195475",
                  "parentUUID": "218e00b6-94b3-4192-9db5-30968a449187",
                  "isHook": false,
                  "skipped": false
                },
                {
                  "title": "should display success message after completing task",
                  "fullTitle": "Task List E2E Tests Task Checkbox Functionality should display success message after completing task",
                  "timedOut": null,
                  "duration": 5901,
                  "state": "failed",
                  "speed": null,
                  "pass": false,
                  "fail": true,
                  "pending": false,
                  "context": null,
                  "code": "cy.intercept('POST', `${apiUrl}/task/*/done`).as('markAsDone');\ncy.get('.task-card').first().find('.task-checkbox:not(:checked)').first().check();\ncy.wait('@markAsDone');\ncy.contains('Task completed').should('be.visible');",
                  "err": {
                    "message": "CypressError: Timed out retrying after 5000ms: `cy.wait()` timed out waiting `5000ms` for the 1st request to the route: `markAsDone`. No request ever occurred.\n\nhttps://on.cypress.io/wait",
                    "estack": "CypressError: Timed out retrying after 5000ms: `cy.wait()` timed out waiting `5000ms` for the 1st request to the route: `markAsDone`. No request ever occurred.\n\nhttps://on.cypress.io/wait\n    at cypressErr (http://localhost:4200/__cypress/runner/cypress_runner.js:77985:18)\n    at Object.errByPath (http://localhost:4200/__cypress/runner/cypress_runner.js:78053:10)\n    at checkForXhr (http://localhost:4200/__cypress/runner/cypress_runner.js:138416:84)\n    at <unknown> (http://localhost:4200/__cypress/runner/cypress_runner.js:138441:28)\n    at tryCatcher (http://localhost:4200/__cypress/runner/cypress_runner.js:1777:23)\n    at Promise.attempt.Promise.try (http://localhost:4200/__cypress/runner/cypress_runner.js:4285:29)\n    at whenStable (http://localhost:4200/__cypress/runner/cypress_runner.js:151493:68)\n    at <unknown> (http://localhost:4200/__cypress/runner/cypress_runner.js:151434:14)\n    at tryCatcher (http://localhost:4200/__cypress/runner/cypress_runner.js:1777:23)\n    at Promise._settlePromiseFromHandler (http://localhost:4200/__cypress/runner/cypress_runner.js:1489:31)\n    at Promise._settlePromise (http://localhost:4200/__cypress/runner/cypress_runner.js:1546:18)\n    at Promise._settlePromise0 (http://localhost:4200/__cypress/runner/cypress_runner.js:1591:10)\n    at Promise._settlePromises (http://localhost:4200/__cypress/runner/cypress_runner.js:1671:18)\n    at Promise._fulfill (http://localhost:4200/__cypress/runner/cypress_runner.js:1615:18)\n    at <unknown> (http://localhost:4200/__cypress/runner/cypress_runner.js:5420:46)",
                    "diff": null
                  },
                  "uuid": "c722c9b7-ec22-4793-a4f8-c6f6a8b8dbb4",
                  "parentUUID": "218e00b6-94b3-4192-9db5-30968a449187",
                  "isHook": false,
                  "skipped": false
                }
              ],
              "suites": [],
              "passes": [
                "df17ece2-7e3b-4ad5-ad80-0ab440c083b8"
              ],
              "failures": [
                "6e802a16-f218-4050-b9ff-17849413a4cb",
                "c384e61b-4e8e-4864-91f5-043f8a195475",
                "c722c9b7-ec22-4793-a4f8-c6f6a8b8dbb4"
              ],
              "pending": [],
              "skipped": [],
              "duration": 17371,
              "root": false,
              "rootEmpty": false,
              "_timeout": 2000
            },
            {
              "uuid": "13510a76-860b-4a77-9607-b5a47613c3e6",
              "title": "Task Priority Tags",
              "fullFile": "",
              "file": "",
              "beforeHooks": [],
              "afterHooks": [],
              "tests": [
                {
                  "title": "should display priority tag if present",
                  "fullTitle": "Task List E2E Tests Task Priority Tags should display priority tag if present",
                  "timedOut": null,
                  "duration": 770,
                  "state": "passed",
                  "speed": "fast",
                  "pass": true,
                  "fail": false,
                  "pending": false,
                  "context": null,
                  "code": "cy.get('.task-card').then(($cards) => {\n    $cards.each((index, card) => {\n        const $card = Cypress.$(card);\n        if ($card.find('.task-tag-badge').length > 0) {\n            cy.wrap(card).find('.task-tag-badge').should('be.visible');\n        }\n    });\n});",
                  "err": {},
                  "uuid": "01c28106-7fc7-4cd8-ac49-9c768a2b481e",
                  "parentUUID": "13510a76-860b-4a77-9607-b5a47613c3e6",
                  "isHook": false,
                  "skipped": false
                },
                {
                  "title": "should have correct styling for different tag types",
                  "fullTitle": "Task List E2E Tests Task Priority Tags should have correct styling for different tag types",
                  "timedOut": null,
                  "duration": 4845,
                  "state": "failed",
                  "speed": null,
                  "pass": false,
                  "fail": true,
                  "pending": false,
                  "context": null,
                  "code": "cy.get('.task-tag-badge').each(($badge) => {\n    cy.wrap($badge).should('have.class', /tag-(optional|important|urgent)/);\n});",
                  "err": {
                    "message": "AssertionError: Timed out retrying after 4000ms: expected '<span.task-tag-badge.tag-optional>' to have class /tag-(optional|important|urgent)/",
                    "estack": "AssertionError: Timed out retrying after 4000ms: expected '<span.task-tag-badge.tag-optional>' to have class /tag-(optional|important|urgent)/\n    at Context.eval (webpack://task-manager/./cypress/e2e/test_tasksList.cy.ts:218:24)\n    at Context.callback (http://localhost:4200/__cypress/runner/cypress_runner.js:122695:26)\n    at getRet (http://localhost:4200/__cypress/runner/cypress_runner.js:122460:20)\n    at tryCatcher (http://localhost:4200/__cypress/runner/cypress_runner.js:1777:23)\n    at Promise.attempt.Promise.try (http://localhost:4200/__cypress/runner/cypress_runner.js:4285:29)\n    at thenFn (http://localhost:4200/__cypress/runner/cypress_runner.js:122471:66)\n    at yieldItem (http://localhost:4200/__cypress/runner/cypress_runner.js:122703:16)\n    at tryCatcher (http://localhost:4200/__cypress/runner/cypress_runner.js:1777:23)\n    at Object.gotValue (http://localhost:4200/__cypress/runner/cypress_runner.js:6446:18)",
                    "diff": null
                  },
                  "uuid": "7dca461a-ba99-42bb-92a8-d918c8873525",
                  "parentUUID": "13510a76-860b-4a77-9607-b5a47613c3e6",
                  "isHook": false,
                  "skipped": false
                }
              ],
              "suites": [],
              "passes": [
                "01c28106-7fc7-4cd8-ac49-9c768a2b481e"
              ],
              "failures": [
                "7dca461a-ba99-42bb-92a8-d918c8873525"
              ],
              "pending": [],
              "skipped": [],
              "duration": 5615,
              "root": false,
              "rootEmpty": false,
              "_timeout": 2000
            },
            {
              "uuid": "e4b0a1d0-a246-450c-95b3-0acff8ea8cd2",
              "title": "Overdue Tasks",
              "fullFile": "",
              "file": "",
              "beforeHooks": [],
              "afterHooks": [],
              "tests": [
                {
                  "title": "should display overdue badge for past due tasks",
                  "fullTitle": "Task List E2E Tests Overdue Tasks should display overdue badge for past due tasks",
                  "timedOut": null,
                  "duration": 707,
                  "state": "passed",
                  "speed": "fast",
                  "pass": true,
                  "fail": false,
                  "pending": false,
                  "context": null,
                  "code": "cy.get('.task-card').each(($card) => {\n    if (Cypress.$($card).find('.overdue-badge').length > 0) {\n        cy.wrap($card).find('.overdue-badge').should('contain', 'Overdue');\n    }\n});",
                  "err": {},
                  "uuid": "676b9044-811a-4627-b20b-72e7efa5df80",
                  "parentUUID": "e4b0a1d0-a246-450c-95b3-0acff8ea8cd2",
                  "isHook": false,
                  "skipped": false
                },
                {
                  "title": "should have overdue styling for past due tasks",
                  "fullTitle": "Task List E2E Tests Overdue Tasks should have overdue styling for past due tasks",
                  "timedOut": null,
                  "duration": 4805,
                  "state": "failed",
                  "speed": null,
                  "pass": false,
                  "fail": true,
                  "pending": false,
                  "context": null,
                  "code": "cy.get('.task-card.overdue').each(($card) => {\n    cy.wrap($card).find('.overdue-badge').should('be.visible');\n});",
                  "err": {
                    "message": "AssertionError: Timed out retrying after 4000ms: Expected to find element: `.task-card.overdue`, but never found it.",
                    "estack": "AssertionError: Timed out retrying after 4000ms: Expected to find element: `.task-card.overdue`, but never found it.\n    at Context.eval (webpack://task-manager/./cypress/e2e/test_tasksList.cy.ts:233:9)",
                    "diff": null
                  },
                  "uuid": "0a343446-d7c7-4c2e-ac11-34b39c12a891",
                  "parentUUID": "e4b0a1d0-a246-450c-95b3-0acff8ea8cd2",
                  "isHook": false,
                  "skipped": false
                },
                {
                  "title": "should show warning icon for overdue tasks",
                  "fullTitle": "Task List E2E Tests Overdue Tasks should show warning icon for overdue tasks",
                  "timedOut": null,
                  "duration": 4807,
                  "state": "failed",
                  "speed": null,
                  "pass": false,
                  "fail": true,
                  "pending": false,
                  "context": null,
                  "code": "cy.get('.task-card.overdue').each(($card) => {\n    cy.wrap($card).find('.overdue-icon').should('contain', '⚠️');\n});",
                  "err": {
                    "message": "AssertionError: Timed out retrying after 4000ms: Expected to find element: `.task-card.overdue`, but never found it.",
                    "estack": "AssertionError: Timed out retrying after 4000ms: Expected to find element: `.task-card.overdue`, but never found it.\n    at Context.eval (webpack://task-manager/./cypress/e2e/test_tasksList.cy.ts:239:9)",
                    "diff": null
                  },
                  "uuid": "143570a2-dcad-44f6-9a2d-d1704966bc67",
                  "parentUUID": "e4b0a1d0-a246-450c-95b3-0acff8ea8cd2",
                  "isHook": false,
                  "skipped": false
                }
              ],
              "suites": [],
              "passes": [
                "676b9044-811a-4627-b20b-72e7efa5df80"
              ],
              "failures": [
                "0a343446-d7c7-4c2e-ac11-34b39c12a891",
                "143570a2-dcad-44f6-9a2d-d1704966bc67"
              ],
              "pending": [],
              "skipped": [],
              "duration": 10319,
              "root": false,
              "rootEmpty": false,
              "_timeout": 2000
            },
            {
              "uuid": "00d5cec1-d492-4894-8461-88aac25c3075",
              "title": "Edit Task",
              "fullFile": "",
              "file": "",
              "beforeHooks": [],
              "afterHooks": [],
              "tests": [
                {
                  "title": "should open edit modal when clicking edit button",
                  "fullTitle": "Task List E2E Tests Edit Task should open edit modal when clicking edit button",
                  "timedOut": null,
                  "duration": 2972,
                  "state": "passed",
                  "speed": "fast",
                  "pass": true,
                  "fail": false,
                  "pending": false,
                  "context": null,
                  "code": "cy.get('.task-card').first().contains('button', 'Edit').click();\ncy.get('.modal-overlay').should('be.visible');\ncy.contains('Edit Task').should('be.visible');",
                  "err": {},
                  "uuid": "90d7f64b-5457-4175-b873-c53b4922d855",
                  "parentUUID": "00d5cec1-d492-4894-8461-88aac25c3075",
                  "isHook": false,
                  "skipped": false
                },
                {
                  "title": "should pre-fill form with task data",
                  "fullTitle": "Task List E2E Tests Edit Task should pre-fill form with task data",
                  "timedOut": null,
                  "duration": 805,
                  "state": "passed",
                  "speed": "fast",
                  "pass": true,
                  "fail": false,
                  "pending": false,
                  "context": null,
                  "code": "cy.get('.task-card').first().find('.task-title').invoke('text').then((title) => {\n    cy.get('.task-card').first().contains('button', 'Edit').click();\n    cy.get('#title').should('have.value', title.trim());\n});",
                  "err": {},
                  "uuid": "7bf30b99-e7e1-4d19-b2d2-9eff01d0b027",
                  "parentUUID": "00d5cec1-d492-4894-8461-88aac25c3075",
                  "isHook": false,
                  "skipped": false
                },
                {
                  "title": "should update task list after saving changes",
                  "fullTitle": "Task List E2E Tests Edit Task should update task list after saving changes",
                  "timedOut": null,
                  "duration": 1313,
                  "state": "passed",
                  "speed": "fast",
                  "pass": true,
                  "fail": false,
                  "pending": false,
                  "context": null,
                  "code": "cy.intercept('PUT', `${apiUrl}/task/*`).as('updateTask');\ncy.intercept('GET', `${apiUrl}/task?*`).as('getTasks');\ncy.get('.task-card').first().contains('button', 'Edit').click();\ncy.get('#title').clear().type('Updated Task Title');\ncy.get('button[type=\"submit\"]').click();\ncy.wait('@updateTask');\ncy.wait('@getTasks');\ncy.contains('Updated Task Title').should('be.visible');",
                  "err": {},
                  "uuid": "aacefe0a-59ca-40a4-b60a-b136b61535d5",
                  "parentUUID": "00d5cec1-d492-4894-8461-88aac25c3075",
                  "isHook": false,
                  "skipped": false
                }
              ],
              "suites": [],
              "passes": [
                "90d7f64b-5457-4175-b873-c53b4922d855",
                "7bf30b99-e7e1-4d19-b2d2-9eff01d0b027",
                "aacefe0a-59ca-40a4-b60a-b136b61535d5"
              ],
              "failures": [],
              "pending": [],
              "skipped": [],
              "duration": 5090,
              "root": false,
              "rootEmpty": false,
              "_timeout": 2000
            },
            {
              "uuid": "4c55ffe6-7345-48b6-99e9-38aa3f7f4da3",
              "title": "Delete Task",
              "fullFile": "",
              "file": "",
              "beforeHooks": [],
              "afterHooks": [],
              "tests": [
                {
                  "title": "should show confirmation dialog when deleting",
                  "fullTitle": "Task List E2E Tests Delete Task should show confirmation dialog when deleting",
                  "timedOut": null,
                  "duration": 811,
                  "state": "passed",
                  "speed": "fast",
                  "pass": true,
                  "fail": false,
                  "pending": false,
                  "context": null,
                  "code": "cy.window().then((win) => {\n    cy.stub(win, 'confirm').returns(false);\n    cy.get('.task-card').first().contains('button', 'Delete').click();\n    cy.wrap(win.confirm).should('have.been.called');\n});",
                  "err": {},
                  "uuid": "1e5ea9f2-3ebf-4340-9189-e48f6647a473",
                  "parentUUID": "4c55ffe6-7345-48b6-99e9-38aa3f7f4da3",
                  "isHook": false,
                  "skipped": false
                },
                {
                  "title": "should not delete if user cancels confirmation",
                  "fullTitle": "Task List E2E Tests Delete Task should not delete if user cancels confirmation",
                  "timedOut": null,
                  "duration": 809,
                  "state": "passed",
                  "speed": "fast",
                  "pass": true,
                  "fail": false,
                  "pending": false,
                  "context": null,
                  "code": "cy.window().then((win) => {\n    cy.stub(win, 'confirm').returns(false);\n    cy.get('.task-card').its('length').then((initialCount) => {\n        cy.get('.task-card').first().contains('button', 'Delete').click();\n        cy.get('.task-card').should('have.length', initialCount);\n    });\n});",
                  "err": {},
                  "uuid": "d3f03cce-15f0-41d6-b78d-7a15b130a5ab",
                  "parentUUID": "4c55ffe6-7345-48b6-99e9-38aa3f7f4da3",
                  "isHook": false,
                  "skipped": false
                },
                {
                  "title": "should delete task after confirmation",
                  "fullTitle": "Task List E2E Tests Delete Task should delete task after confirmation",
                  "timedOut": null,
                  "duration": 799,
                  "state": "passed",
                  "speed": "fast",
                  "pass": true,
                  "fail": false,
                  "pending": false,
                  "context": null,
                  "code": "cy.window().then((win) => {\n    cy.stub(win, 'confirm').returns(true);\n});\ncy.intercept('DELETE', `${apiUrl}/task/*`).as('deleteTask');\ncy.intercept('GET', `${apiUrl}/task?*`).as('getTasks');\ncy.get('.task-card').first().contains('button', 'Delete').click();\ncy.wait('@deleteTask').its('response.statusCode').should('eq', 200);\ncy.wait('@getTasks');",
                  "err": {},
                  "uuid": "d9c421ea-bc09-484e-809e-c3ae8782a5b4",
                  "parentUUID": "4c55ffe6-7345-48b6-99e9-38aa3f7f4da3",
                  "isHook": false,
                  "skipped": false
                },
                {
                  "title": "should show success message after deletion",
                  "fullTitle": "Task List E2E Tests Delete Task should show success message after deletion",
                  "timedOut": null,
                  "duration": 3109,
                  "state": "passed",
                  "speed": "fast",
                  "pass": true,
                  "fail": false,
                  "pending": false,
                  "context": null,
                  "code": "cy.window().then((win) => {\n    cy.stub(win, 'confirm').returns(true);\n});\ncy.intercept('DELETE', `${apiUrl}/task/*`).as('deleteTask');\ncy.get('.task-card').first().contains('button', 'Delete').click();\ncy.wait('@deleteTask');\ncy.contains('deleted successfully').should('be.visible');",
                  "err": {},
                  "uuid": "e48642aa-1f44-4086-ae60-d0a5598d066b",
                  "parentUUID": "4c55ffe6-7345-48b6-99e9-38aa3f7f4da3",
                  "isHook": false,
                  "skipped": false
                }
              ],
              "suites": [],
              "passes": [
                "1e5ea9f2-3ebf-4340-9189-e48f6647a473",
                "d3f03cce-15f0-41d6-b78d-7a15b130a5ab",
                "d9c421ea-bc09-484e-809e-c3ae8782a5b4",
                "e48642aa-1f44-4086-ae60-d0a5598d066b"
              ],
              "failures": [],
              "pending": [],
              "skipped": [],
              "duration": 5528,
              "root": false,
              "rootEmpty": false,
              "_timeout": 2000
            },
            {
              "uuid": "0ba00b3d-ae4a-4db5-904c-dacced1b9302",
              "title": "Pagination",
              "fullFile": "",
              "file": "",
              "beforeHooks": [],
              "afterHooks": [],
              "tests": [
                {
                  "title": "should display pagination when multiple pages exist",
                  "fullTitle": "Task List E2E Tests Pagination should display pagination when multiple pages exist",
                  "timedOut": null,
                  "duration": 873,
                  "state": "passed",
                  "speed": "fast",
                  "pass": true,
                  "fail": false,
                  "pending": false,
                  "context": null,
                  "code": "cy.intercept('GET', `${apiUrl}/task?*`, {\n    statusCode: 200,\n    body: {\n        status: 200,\n        list: Array(10).fill(null).map((_, i) => ({\n            id: i + 1,\n            title: `Task ${i + 1}`,\n            state: 'todo',\n            created_on: new Date().toISOString()\n        })),\n        total_pages: 3,\n        total_records: 25\n    }\n});\ncy.reload();\ncy.get('.pagination').should('be.visible');",
                  "err": {},
                  "uuid": "71c37503-21bd-4d3a-97e1-19976eb438e7",
                  "parentUUID": "0ba00b3d-ae4a-4db5-904c-dacced1b9302",
                  "isHook": false,
                  "skipped": false
                },
                {
                  "title": "should show current page number",
                  "fullTitle": "Task List E2E Tests Pagination should show current page number",
                  "timedOut": null,
                  "duration": 700,
                  "state": "passed",
                  "speed": "fast",
                  "pass": true,
                  "fail": false,
                  "pending": false,
                  "context": null,
                  "code": "cy.get('.pagination').then(($pagination) => {\n    if ($pagination.length > 0) {\n        cy.get('.page-indicator').should('contain', 'Page');\n    }\n});",
                  "err": {},
                  "uuid": "556a67ff-d4b3-4a03-8bfa-54cc07085a09",
                  "parentUUID": "0ba00b3d-ae4a-4db5-904c-dacced1b9302",
                  "isHook": false,
                  "skipped": false
                },
                {
                  "title": "should navigate to next page",
                  "fullTitle": "Task List E2E Tests Pagination should navigate to next page",
                  "timedOut": null,
                  "duration": 5910,
                  "state": "failed",
                  "speed": null,
                  "pass": false,
                  "fail": true,
                  "pending": false,
                  "context": null,
                  "code": "cy.get('.pagination').then(($pagination) => {\n    if ($pagination.length > 0) {\n        cy.intercept('GET', `${apiUrl}/task?page_number=2*`).as('getPage2');\n        cy.contains('button', 'Next').click();\n        cy.wait('@getPage2');\n    }\n});",
                  "err": {
                    "message": "CypressError: Timed out retrying after 5000ms: `cy.wait()` timed out waiting `5000ms` for the 1st request to the route: `getPage2`. No request ever occurred.\n\nhttps://on.cypress.io/wait",
                    "estack": "CypressError: Timed out retrying after 5000ms: `cy.wait()` timed out waiting `5000ms` for the 1st request to the route: `getPage2`. No request ever occurred.\n\nhttps://on.cypress.io/wait\n    at cypressErr (http://localhost:4200/__cypress/runner/cypress_runner.js:77985:18)\n    at Object.errByPath (http://localhost:4200/__cypress/runner/cypress_runner.js:78053:10)\n    at checkForXhr (http://localhost:4200/__cypress/runner/cypress_runner.js:138416:84)\n    at <unknown> (http://localhost:4200/__cypress/runner/cypress_runner.js:138441:28)\n    at tryCatcher (http://localhost:4200/__cypress/runner/cypress_runner.js:1777:23)\n    at Promise.attempt.Promise.try (http://localhost:4200/__cypress/runner/cypress_runner.js:4285:29)\n    at whenStable (http://localhost:4200/__cypress/runner/cypress_runner.js:151493:68)\n    at <unknown> (http://localhost:4200/__cypress/runner/cypress_runner.js:151434:14)\n    at tryCatcher (http://localhost:4200/__cypress/runner/cypress_runner.js:1777:23)\n    at Promise._settlePromiseFromHandler (http://localhost:4200/__cypress/runner/cypress_runner.js:1489:31)\n    at Promise._settlePromise (http://localhost:4200/__cypress/runner/cypress_runner.js:1546:18)\n    at Promise._settlePromise0 (http://localhost:4200/__cypress/runner/cypress_runner.js:1591:10)\n    at Promise._settlePromises (http://localhost:4200/__cypress/runner/cypress_runner.js:1671:18)\n    at Promise._fulfill (http://localhost:4200/__cypress/runner/cypress_runner.js:1615:18)\n    at <unknown> (http://localhost:4200/__cypress/runner/cypress_runner.js:5420:46)",
                    "diff": null
                  },
                  "uuid": "acb0940d-9018-4d5c-b234-d358a112bbd3",
                  "parentUUID": "0ba00b3d-ae4a-4db5-904c-dacced1b9302",
                  "isHook": false,
                  "skipped": false
                },
                {
                  "title": "should navigate to previous page",
                  "fullTitle": "Task List E2E Tests Pagination should navigate to previous page",
                  "timedOut": null,
                  "duration": 5901,
                  "state": "failed",
                  "speed": null,
                  "pass": false,
                  "fail": true,
                  "pending": false,
                  "context": null,
                  "code": "cy.get('.pagination').then(($pagination) => {\n    if ($pagination.length > 0) {\n        cy.intercept('GET', `${apiUrl}/task?page_number=2*`).as('getPage2');\n        cy.contains('button', 'Next').click();\n        cy.wait('@getPage2');\n        cy.intercept('GET', `${apiUrl}/task?page_number=1*`).as('getPage1');\n        cy.contains('button', 'Previous').click();\n        cy.wait('@getPage1');\n    }\n});",
                  "err": {
                    "message": "CypressError: Timed out retrying after 5000ms: `cy.wait()` timed out waiting `5000ms` for the 1st request to the route: `getPage2`. No request ever occurred.\n\nhttps://on.cypress.io/wait",
                    "estack": "CypressError: Timed out retrying after 5000ms: `cy.wait()` timed out waiting `5000ms` for the 1st request to the route: `getPage2`. No request ever occurred.\n\nhttps://on.cypress.io/wait\n    at cypressErr (http://localhost:4200/__cypress/runner/cypress_runner.js:77985:18)\n    at Object.errByPath (http://localhost:4200/__cypress/runner/cypress_runner.js:78053:10)\n    at checkForXhr (http://localhost:4200/__cypress/runner/cypress_runner.js:138416:84)\n    at <unknown> (http://localhost:4200/__cypress/runner/cypress_runner.js:138441:28)\n    at tryCatcher (http://localhost:4200/__cypress/runner/cypress_runner.js:1777:23)\n    at Promise.attempt.Promise.try (http://localhost:4200/__cypress/runner/cypress_runner.js:4285:29)\n    at whenStable (http://localhost:4200/__cypress/runner/cypress_runner.js:151493:68)\n    at <unknown> (http://localhost:4200/__cypress/runner/cypress_runner.js:151434:14)\n    at tryCatcher (http://localhost:4200/__cypress/runner/cypress_runner.js:1777:23)\n    at Promise._settlePromiseFromHandler (http://localhost:4200/__cypress/runner/cypress_runner.js:1489:31)\n    at Promise._settlePromise (http://localhost:4200/__cypress/runner/cypress_runner.js:1546:18)\n    at Promise._settlePromise0 (http://localhost:4200/__cypress/runner/cypress_runner.js:1591:10)\n    at Promise._settlePromises (http://localhost:4200/__cypress/runner/cypress_runner.js:1671:18)\n    at Promise._fulfill (http://localhost:4200/__cypress/runner/cypress_runner.js:1615:18)\n    at <unknown> (http://localhost:4200/__cypress/runner/cypress_runner.js:5420:46)",
                    "diff": null
                  },
                  "uuid": "57cc02f2-fb98-4bed-b81e-83a964dcc58d",
                  "parentUUID": "0ba00b3d-ae4a-4db5-904c-dacced1b9302",
                  "isHook": false,
                  "skipped": false
                },
                {
                  "title": "should disable previous button on first page",
                  "fullTitle": "Task List E2E Tests Pagination should disable previous button on first page",
                  "timedOut": null,
                  "duration": 735,
                  "state": "passed",
                  "speed": "fast",
                  "pass": true,
                  "fail": false,
                  "pending": false,
                  "context": null,
                  "code": "cy.get('.pagination').then(($pagination) => {\n    if ($pagination.length > 0) {\n        cy.contains('button', 'Previous').should('be.disabled');\n    }\n});",
                  "err": {},
                  "uuid": "5c525dae-9961-4c4c-96ab-bbdbe7e77ecd",
                  "parentUUID": "0ba00b3d-ae4a-4db5-904c-dacced1b9302",
                  "isHook": false,
                  "skipped": false
                },
                {
                  "title": "should display total record count",
                  "fullTitle": "Task List E2E Tests Pagination should display total record count",
                  "timedOut": null,
                  "duration": 725,
                  "state": "passed",
                  "speed": "fast",
                  "pass": true,
                  "fail": false,
                  "pending": false,
                  "context": null,
                  "code": "cy.get('.pagination').then(($pagination) => {\n    if ($pagination.length > 0) {\n        cy.get('.record-count').should('contain', 'task');\n    }\n});",
                  "err": {},
                  "uuid": "702577d0-f214-4dbf-9221-4e0eaf0368fa",
                  "parentUUID": "0ba00b3d-ae4a-4db5-904c-dacced1b9302",
                  "isHook": false,
                  "skipped": false
                }
              ],
              "suites": [],
              "passes": [
                "71c37503-21bd-4d3a-97e1-19976eb438e7",
                "556a67ff-d4b3-4a03-8bfa-54cc07085a09",
                "5c525dae-9961-4c4c-96ab-bbdbe7e77ecd",
                "702577d0-f214-4dbf-9221-4e0eaf0368fa"
              ],
              "failures": [
                "acb0940d-9018-4d5c-b234-d358a112bbd3",
                "57cc02f2-fb98-4bed-b81e-83a964dcc58d"
              ],
              "pending": [],
              "skipped": [],
              "duration": 14844,
              "root": false,
              "rootEmpty": false,
              "_timeout": 2000
            },
            {
              "uuid": "76311db6-8dc4-42f9-85e1-ce345a1aada5",
              "title": "Refresh Functionality",
              "fullFile": "",
              "file": "",
              "beforeHooks": [],
              "afterHooks": [],
              "tests": [
                {
                  "title": "should reload tasks when clicking refresh button",
                  "fullTitle": "Task List E2E Tests Refresh Functionality should reload tasks when clicking refresh button",
                  "timedOut": null,
                  "duration": 4938,
                  "state": "failed",
                  "speed": null,
                  "pass": false,
                  "fail": true,
                  "pending": false,
                  "context": null,
                  "code": "cy.intercept('GET', `${apiUrl}/task?*`).as('getTasks');\ncy.contains('button', 'Refresh').click();\ncy.wait('@getTasks').its('response.statusCode').should('eq', 200);",
                  "err": {
                    "message": "AssertionError: Timed out retrying after 4000ms: expected 307 to equal 200",
                    "estack": "AssertionError: Timed out retrying after 4000ms: expected 307 to equal 200\n    at Context.eval (webpack://task-manager/./cypress/e2e/test_tasksList.cy.ts:402:54)",
                    "diff": "- 307\n+ 200\n"
                  },
                  "uuid": "88a912e5-61bf-495e-afba-4be628a77c18",
                  "parentUUID": "76311db6-8dc4-42f9-85e1-ce345a1aada5",
                  "isHook": false,
                  "skipped": false
                },
                {
                  "title": "should reload stats when refreshing",
                  "fullTitle": "Task List E2E Tests Refresh Functionality should reload stats when refreshing",
                  "timedOut": null,
                  "duration": 820,
                  "state": "passed",
                  "speed": "fast",
                  "pass": true,
                  "fail": false,
                  "pending": false,
                  "context": null,
                  "code": "cy.intercept('GET', `${apiUrl}/task/stats/summary`).as('getStats');\ncy.contains('button', 'Refresh').click();\ncy.wait('@getStats').its('response.statusCode').should('eq', 200);",
                  "err": {},
                  "uuid": "3595a308-9771-4a06-9838-03a3cc15082d",
                  "parentUUID": "76311db6-8dc4-42f9-85e1-ce345a1aada5",
                  "isHook": false,
                  "skipped": false
                }
              ],
              "suites": [],
              "passes": [
                "3595a308-9771-4a06-9838-03a3cc15082d"
              ],
              "failures": [
                "88a912e5-61bf-495e-afba-4be628a77c18"
              ],
              "pending": [],
              "skipped": [],
              "duration": 5758,
              "root": false,
              "rootEmpty": false,
              "_timeout": 2000
            },
            {
              "uuid": "5941d925-31cf-4b82-9963-8bbc0e622cbd",
              "title": "Error Handling",
              "fullFile": "",
              "file": "",
              "beforeHooks": [],
              "afterHooks": [],
              "tests": [
                {
                  "title": "should display error message on failed load",
                  "fullTitle": "Task List E2E Tests Error Handling should display error message on failed load",
                  "timedOut": null,
                  "duration": 3088,
                  "state": "passed",
                  "speed": "fast",
                  "pass": true,
                  "fail": false,
                  "pending": false,
                  "context": null,
                  "code": "cy.intercept('GET', `${apiUrl}/task?*`, {\n    statusCode: 500,\n    body: { message: 'Server error' }\n});\ncy.reload();\ncy.contains(/error/i).should('be.visible');",
                  "err": {},
                  "uuid": "f8200115-bf89-41da-9405-b55cfa2c081e",
                  "parentUUID": "5941d925-31cf-4b82-9963-8bbc0e622cbd",
                  "isHook": false,
                  "skipped": false
                },
                {
                  "title": "should allow closing error message",
                  "fullTitle": "Task List E2E Tests Error Handling should allow closing error message",
                  "timedOut": null,
                  "duration": 3023,
                  "state": "passed",
                  "speed": "fast",
                  "pass": true,
                  "fail": false,
                  "pending": false,
                  "context": null,
                  "code": "cy.intercept('GET', `${apiUrl}/task?*`, {\n    statusCode: 500,\n    body: { message: 'Server error' }\n});\ncy.reload();\ncy.get('.error-message').should('be.visible');\ncy.get('.error-message .message-close').click();\ncy.get('.error-message').should('not.exist');",
                  "err": {},
                  "uuid": "d7cd0c47-e0cc-46e0-b2ea-bf87d3cba490",
                  "parentUUID": "5941d925-31cf-4b82-9963-8bbc0e622cbd",
                  "isHook": false,
                  "skipped": false
                },
                {
                  "title": "should display error when delete fails",
                  "fullTitle": "Task List E2E Tests Error Handling should display error when delete fails",
                  "timedOut": null,
                  "duration": 4922,
                  "state": "failed",
                  "speed": null,
                  "pass": false,
                  "fail": true,
                  "pending": false,
                  "context": null,
                  "code": "cy.window().then((win) => {\n    cy.stub(win, 'confirm').returns(true);\n});\ncy.intercept('DELETE', `${apiUrl}/task/*`, {\n    statusCode: 400,\n    body: { message: 'Cannot delete task' }\n});\ncy.get('.task-card').first().contains('button', 'Delete').click();\ncy.contains('Cannot delete task').should('be.visible');",
                  "err": {
                    "message": "AssertionError: Timed out retrying after 4000ms: Expected to find content: 'Cannot delete task' but never did.",
                    "estack": "AssertionError: Timed out retrying after 4000ms: Expected to find content: 'Cannot delete task' but never did.\n    at Context.eval (webpack://task-manager/./cypress/e2e/test_tasksList.cy.ts:448:40)",
                    "diff": null
                  },
                  "uuid": "34154136-b6c5-458e-ab00-95f5c1178f5d",
                  "parentUUID": "5941d925-31cf-4b82-9963-8bbc0e622cbd",
                  "isHook": false,
                  "skipped": false
                }
              ],
              "suites": [],
              "passes": [
                "f8200115-bf89-41da-9405-b55cfa2c081e",
                "d7cd0c47-e0cc-46e0-b2ea-bf87d3cba490"
              ],
              "failures": [
                "34154136-b6c5-458e-ab00-95f5c1178f5d"
              ],
              "pending": [],
              "skipped": [],
              "duration": 11033,
              "root": false,
              "rootEmpty": false,
              "_timeout": 2000
            },
            {
              "uuid": "297a9b08-61ba-480e-8b33-260e334466f4",
              "title": "Success Messages",
              "fullFile": "",
              "file": "",
              "beforeHooks": [],
              "afterHooks": [],
              "tests": [
                {
                  "title": "should display success message after creating task",
                  "fullTitle": "Task List E2E Tests Success Messages should display success message after creating task",
                  "timedOut": null,
                  "duration": 4013,
                  "state": "passed",
                  "speed": "fast",
                  "pass": true,
                  "fail": false,
                  "pending": false,
                  "context": null,
                  "code": "cy.contains('button', 'Create Task').click();\ncy.get('#title').type('Success Test Task');\ncy.get('button[type=\"submit\"]').click();\ncy.contains(/saved successfully/i).should('be.visible');",
                  "err": {},
                  "uuid": "6862f5dc-de10-4980-a08e-f5beb257c5ac",
                  "parentUUID": "297a9b08-61ba-480e-8b33-260e334466f4",
                  "isHook": false,
                  "skipped": false
                },
                {
                  "title": "should auto-hide success message after delay",
                  "fullTitle": "Task List E2E Tests Success Messages should auto-hide success message after delay",
                  "timedOut": null,
                  "duration": 11540,
                  "state": "failed",
                  "speed": null,
                  "pass": false,
                  "fail": true,
                  "pending": false,
                  "context": null,
                  "code": "cy.contains('button', 'Create Task').click();\ncy.get('#title').type('Auto Hide Test');\ncy.get('button[type=\"submit\"]').click();\ncy.contains(/saved successfully/i).should('be.visible');\ncy.wait(3500);\ncy.contains(/saved successfully/i).should('not.exist');",
                  "err": {
                    "message": "AssertionError: Timed out retrying after 4000ms: Expected not to find content: '/saved successfully/i' but continuously found it.",
                    "estack": "AssertionError: Timed out retrying after 4000ms: Expected not to find content: '/saved successfully/i' but continuously found it.\n    at Context.eval (webpack://task-manager/./cypress/e2e/test_tasksList.cy.ts:468:41)",
                    "diff": null
                  },
                  "uuid": "4cdc0fce-b1d6-4340-9569-4bc34928c761",
                  "parentUUID": "297a9b08-61ba-480e-8b33-260e334466f4",
                  "isHook": false,
                  "skipped": false
                },
                {
                  "title": "should allow closing success message manually",
                  "fullTitle": "Task List E2E Tests Success Messages should allow closing success message manually",
                  "timedOut": null,
                  "duration": 4065,
                  "state": "passed",
                  "speed": "fast",
                  "pass": true,
                  "fail": false,
                  "pending": false,
                  "context": null,
                  "code": "cy.contains('button', 'Create Task').click();\ncy.get('#title').type('Manual Close Test');\ncy.get('button[type=\"submit\"]').click();\ncy.get('.success-message').should('be.visible');\ncy.get('.success-message .message-close').click();\ncy.get('.success-message').should('not.exist');",
                  "err": {},
                  "uuid": "b8f0d8e6-a4fe-4216-afc5-8f6726ec22e9",
                  "parentUUID": "297a9b08-61ba-480e-8b33-260e334466f4",
                  "isHook": false,
                  "skipped": false
                }
              ],
              "suites": [],
              "passes": [
                "6862f5dc-de10-4980-a08e-f5beb257c5ac",
                "b8f0d8e6-a4fe-4216-afc5-8f6726ec22e9"
              ],
              "failures": [
                "4cdc0fce-b1d6-4340-9569-4bc34928c761"
              ],
              "pending": [],
              "skipped": [],
              "duration": 19618,
              "root": false,
              "rootEmpty": false,
              "_timeout": 2000
            },
            {
              "uuid": "863cadd7-698b-444c-9cbe-190a33774b29",
              "title": "Empty State",
              "fullFile": "",
              "file": "",
              "beforeHooks": [],
              "afterHooks": [],
              "tests": [
                {
                  "title": "should display empty state icon",
                  "fullTitle": "Task List E2E Tests Empty State should display empty state icon",
                  "timedOut": null,
                  "duration": 775,
                  "state": "passed",
                  "speed": "fast",
                  "pass": true,
                  "fail": false,
                  "pending": false,
                  "context": null,
                  "code": "cy.get('.empty-icon').should('be.visible');",
                  "err": {},
                  "uuid": "180633f9-2502-4585-845f-0d5f24da0eaa",
                  "parentUUID": "863cadd7-698b-444c-9cbe-190a33774b29",
                  "isHook": false,
                  "skipped": false
                },
                {
                  "title": "should display empty state message",
                  "fullTitle": "Task List E2E Tests Empty State should display empty state message",
                  "timedOut": null,
                  "duration": 760,
                  "state": "passed",
                  "speed": "fast",
                  "pass": true,
                  "fail": false,
                  "pending": false,
                  "context": null,
                  "code": "cy.contains('No tasks yet').should('be.visible');",
                  "err": {},
                  "uuid": "93c8a5d8-a2a3-444f-831a-0fd83ab1273e",
                  "parentUUID": "863cadd7-698b-444c-9cbe-190a33774b29",
                  "isHook": false,
                  "skipped": false
                },
                {
                  "title": "should have create button in empty state",
                  "fullTitle": "Task List E2E Tests Empty State should have create button in empty state",
                  "timedOut": null,
                  "duration": 860,
                  "state": "passed",
                  "speed": "fast",
                  "pass": true,
                  "fail": false,
                  "pending": false,
                  "context": null,
                  "code": "cy.get('.empty-state').contains('button', 'Create').should('be.visible');",
                  "err": {},
                  "uuid": "a681e79e-18b0-48db-8f7c-b649f10afcfe",
                  "parentUUID": "863cadd7-698b-444c-9cbe-190a33774b29",
                  "isHook": false,
                  "skipped": false
                },
                {
                  "title": "should open create modal from empty state button",
                  "fullTitle": "Task List E2E Tests Empty State should open create modal from empty state button",
                  "timedOut": null,
                  "duration": 3180,
                  "state": "passed",
                  "speed": "fast",
                  "pass": true,
                  "fail": false,
                  "pending": false,
                  "context": null,
                  "code": "cy.get('.empty-state').contains('button', 'Create').click();\ncy.get('.modal-overlay').should('be.visible');",
                  "err": {},
                  "uuid": "d1d6897c-ec7a-4bc7-a8f7-3e3343afa595",
                  "parentUUID": "863cadd7-698b-444c-9cbe-190a33774b29",
                  "isHook": false,
                  "skipped": false
                }
              ],
              "suites": [],
              "passes": [
                "180633f9-2502-4585-845f-0d5f24da0eaa",
                "93c8a5d8-a2a3-444f-831a-0fd83ab1273e",
                "a681e79e-18b0-48db-8f7c-b649f10afcfe",
                "d1d6897c-ec7a-4bc7-a8f7-3e3343afa595"
              ],
              "failures": [],
              "pending": [],
              "skipped": [],
              "duration": 5575,
              "root": false,
              "rootEmpty": false,
              "_timeout": 2000
            },
            {
              "uuid": "6177ede5-1d66-4073-8839-f60060c6ec71",
              "title": "Task Metadata",
              "fullFile": "",
              "file": "",
              "beforeHooks": [],
              "afterHooks": [],
              "tests": [
                {
                  "title": "should display created date for all tasks",
                  "fullTitle": "Task List E2E Tests Task Metadata should display created date for all tasks",
                  "timedOut": null,
                  "duration": 728,
                  "state": "passed",
                  "speed": "fast",
                  "pass": true,
                  "fail": false,
                  "pending": false,
                  "context": null,
                  "code": "cy.get('.task-card').each(($card) => {\n    cy.wrap($card).contains('Created:').should('be.visible');\n});",
                  "err": {},
                  "uuid": "65a1df2d-50ca-40de-a3f1-43b3e660b3b8",
                  "parentUUID": "6177ede5-1d66-4073-8839-f60060c6ec71",
                  "isHook": false,
                  "skipped": false
                },
                {
                  "title": "should display due date if present",
                  "fullTitle": "Task List E2E Tests Task Metadata should display due date if present",
                  "timedOut": null,
                  "duration": 747,
                  "state": "passed",
                  "speed": "fast",
                  "pass": true,
                  "fail": false,
                  "pending": false,
                  "context": null,
                  "code": "cy.get('.task-card').each(($card) => {\n    cy.wrap($card).then(($el) => {\n        if ($el.text().includes('Due:')) {\n            cy.wrap($card).contains('Due:').should('be.visible');\n        }\n    });\n});",
                  "err": {},
                  "uuid": "522f09ff-cc5f-49a0-a80e-0a9e6e8d3460",
                  "parentUUID": "6177ede5-1d66-4073-8839-f60060c6ec71",
                  "isHook": false,
                  "skipped": false
                },
                {
                  "title": "should format dates correctly",
                  "fullTitle": "Task List E2E Tests Task Metadata should format dates correctly",
                  "timedOut": null,
                  "duration": 4852,
                  "state": "failed",
                  "speed": null,
                  "pass": false,
                  "fail": true,
                  "pending": false,
                  "context": null,
                  "code": "cy.get('.task-card').first().find('.meta-text').first().should('match', /\\d{1,2}\\/\\d{1,2}\\/\\d{4}/);",
                  "err": {
                    "message": "AssertionError: Timed out retrying after 4000ms: expected '<span.meta-text>' to match /\\d{1,2}\\/\\d{1,2}\\/\\d{4}/",
                    "estack": "AssertionError: Timed out retrying after 4000ms: expected '<span.meta-text>' to match /\\d{1,2}\\/\\d{1,2}\\/\\d{4}/\n    at Context.eval (webpack://task-manager/./cypress/e2e/test_tasksList.cy.ts:533:62)",
                    "diff": null
                  },
                  "uuid": "ce52c3a4-8430-4862-978e-85b04ea4bdc8",
                  "parentUUID": "6177ede5-1d66-4073-8839-f60060c6ec71",
                  "isHook": false,
                  "skipped": false
                }
              ],
              "suites": [],
              "passes": [
                "65a1df2d-50ca-40de-a3f1-43b3e660b3b8",
                "522f09ff-cc5f-49a0-a80e-0a9e6e8d3460"
              ],
              "failures": [
                "ce52c3a4-8430-4862-978e-85b04ea4bdc8"
              ],
              "pending": [],
              "skipped": [],
              "duration": 6327,
              "root": false,
              "rootEmpty": false,
              "_timeout": 2000
            },
            {
              "uuid": "9f78aacd-b7a5-46b1-8988-165cb71bfc7c",
              "title": "Accessibility",
              "fullFile": "",
              "file": "",
              "beforeHooks": [],
              "afterHooks": [],
              "tests": [
                {
                  "title": "should have proper ARIA labels for actions",
                  "fullTitle": "Task List E2E Tests Accessibility should have proper ARIA labels for actions",
                  "timedOut": null,
                  "duration": 4867,
                  "state": "failed",
                  "speed": null,
                  "pass": false,
                  "fail": true,
                  "pending": false,
                  "context": null,
                  "code": "cy.contains('button', 'Previous').should('have.attr', 'aria-label', 'Previous page');\ncy.contains('button', 'Next').should('have.attr', 'aria-label', 'Next page');",
                  "err": {
                    "message": "AssertionError: Timed out retrying after 4000ms: expected '<button.btn.btn-sm.btn-state>' to have attribute 'aria-label'",
                    "estack": "AssertionError: Timed out retrying after 4000ms: expected '<button.btn.btn-sm.btn-state>' to have attribute 'aria-label'\n    at Context.eval (webpack://task-manager/./cypress/e2e/test_tasksList.cy.ts:540:36)",
                    "diff": null
                  },
                  "uuid": "50071c95-e81b-4a0b-a968-7bb22e9b7244",
                  "parentUUID": "9f78aacd-b7a5-46b1-8988-165cb71bfc7c",
                  "isHook": false,
                  "skipped": false
                },
                {
                  "title": "should have role attribute for messages",
                  "fullTitle": "Task List E2E Tests Accessibility should have role attribute for messages",
                  "timedOut": null,
                  "duration": 831,
                  "state": "passed",
                  "speed": "fast",
                  "pass": true,
                  "fail": false,
                  "pending": false,
                  "context": null,
                  "code": "cy.window().then((win) => {\n    cy.stub(win, 'confirm').returns(true);\n});\ncy.intercept('DELETE', `${apiUrl}/task/*`).as('deleteTask');\ncy.get('.task-card').first().contains('button', 'Delete').click();\ncy.wait('@deleteTask');\ncy.get('.success-message').should('have.attr', 'role', 'status');",
                  "err": {},
                  "uuid": "96e7e68a-56ce-476b-a9b5-c9f8cdb3519f",
                  "parentUUID": "9f78aacd-b7a5-46b1-8988-165cb71bfc7c",
                  "isHook": false,
                  "skipped": false
                },
                {
                  "title": "should have accessible checkbox labels",
                  "fullTitle": "Task List E2E Tests Accessibility should have accessible checkbox labels",
                  "timedOut": null,
                  "duration": 725,
                  "state": "passed",
                  "speed": "fast",
                  "pass": true,
                  "fail": false,
                  "pending": false,
                  "context": null,
                  "code": "cy.get('.task-card').first().find('.task-checkbox').should('have.attr', 'id');\ncy.get('.task-card').first().find('.checkbox-label').should('have.attr', 'for');",
                  "err": {},
                  "uuid": "cbcc3160-761e-4691-ab4c-d3f1f3a3ffbc",
                  "parentUUID": "9f78aacd-b7a5-46b1-8988-165cb71bfc7c",
                  "isHook": false,
                  "skipped": false
                }
              ],
              "suites": [],
              "passes": [
                "96e7e68a-56ce-476b-a9b5-c9f8cdb3519f",
                "cbcc3160-761e-4691-ab4c-d3f1f3a3ffbc"
              ],
              "failures": [
                "50071c95-e81b-4a0b-a968-7bb22e9b7244"
              ],
              "pending": [],
              "skipped": [],
              "duration": 6423,
              "root": false,
              "rootEmpty": false,
              "_timeout": 2000
            },
            {
              "uuid": "3230ef22-9f1d-4c34-bde2-709c61d06aa4",
              "title": "Performance",
              "fullFile": "",
              "file": "",
              "beforeHooks": [],
              "afterHooks": [],
              "tests": [
                {
                  "title": "should load tasks within acceptable time",
                  "fullTitle": "Task List E2E Tests Performance should load tasks within acceptable time",
                  "timedOut": null,
                  "duration": 856,
                  "state": "passed",
                  "speed": "fast",
                  "pass": true,
                  "fail": false,
                  "pending": false,
                  "context": null,
                  "code": "const startTime = Date.now();\ncy.reload();\ncy.get('.task-card').should('exist').then(() => {\n    const loadTime = Date.now() - startTime;\n    expect(loadTime).to.be.lessThan(3000);\n});",
                  "err": {},
                  "uuid": "bc197916-6b15-49b1-ae5a-1012fd328661",
                  "parentUUID": "3230ef22-9f1d-4c34-bde2-709c61d06aa4",
                  "isHook": false,
                  "skipped": false
                },
                {
                  "title": "should not make duplicate API calls on mount",
                  "fullTitle": "Task List E2E Tests Performance should not make duplicate API calls on mount",
                  "timedOut": null,
                  "duration": 1787,
                  "state": "passed",
                  "speed": "fast",
                  "pass": true,
                  "fail": false,
                  "pending": false,
                  "context": null,
                  "code": "let callCount = 0;\ncy.intercept('GET', `${apiUrl}/task?*`, (req) => {\n    callCount++;\n    req.reply({\n        statusCode: 200,\n        body: { status: 200, list: [], total_pages: 0, total_records: 0 }\n    });\n});\ncy.reload();\ncy.wait(1000);\ncy.wrap(null).should(() => {\n    expect(callCount).to.equal(1);\n});",
                  "err": {},
                  "uuid": "aa49da4f-67e5-47c0-b4ca-f5f8dd5a1f0a",
                  "parentUUID": "3230ef22-9f1d-4c34-bde2-709c61d06aa4",
                  "isHook": false,
                  "skipped": false
                }
              ],
              "suites": [],
              "passes": [
                "bc197916-6b15-49b1-ae5a-1012fd328661",
                "aa49da4f-67e5-47c0-b4ca-f5f8dd5a1f0a"
              ],
              "failures": [],
              "pending": [],
              "skipped": [],
              "duration": 2643,
              "root": false,
              "rootEmpty": false,
              "_timeout": 2000
            }
          ],
          "passes": [],
          "failures": [],
          "pending": [],
          "skipped": [],
          "duration": 0,
          "root": false,
          "rootEmpty": false,
          "_timeout": 2000
        }
      ],
      "passes": [],
      "failures": [],
      "pending": [],
      "skipped": [],
      "duration": 0,
      "root": true,
      "rootEmpty": true,
      "_timeout": 2000
    }
  ],
  "meta": {
    "mocha": {
      "version": "7.2.0"
    },
    "mochawesome": {
      "options": {
        "quiet": false,
        "reportFilename": "mochawesome",
        "saveHtml": true,
        "saveJson": true,
        "consoleReporter": "spec",
        "useInlineDiffs": false,
        "code": true
      },
      "version": "7.1.4"
    },
    "marge": {
      "options": {
        "reportDir": "cypress/reports",
        "overwrite": false,
        "html": true,
        "json": true,
        "timestamp": "mmddyyyy_HHMMss"
      },
      "version": "6.3.2"
    }
  }
}