{
  "stats": {
    "suites": 13,
    "tests": 36,
    "passes": 30,
    "pending": 0,
    "failures": 6,
    "start": "2025-12-12T20:21:15.405Z",
    "end": "2025-12-12T20:22:25.487Z",
    "duration": 70082,
    "testsRegistered": 39,
    "passPercent": 76.92307692307693,
    "pendingPercent": 0,
    "other": 0,
    "hasOther": false,
    "skipped": 3,
    "hasSkipped": true
  },
  "results": [
    {
      "uuid": "31e116c7-9fb6-4bde-975a-6c8a8b593f5e",
      "title": "",
      "fullFile": "cypress/e2e/test_tasks_form.cy.ts",
      "file": "cypress/e2e/test_tasks_form.cy.ts",
      "beforeHooks": [],
      "afterHooks": [],
      "tests": [],
      "suites": [
        {
          "uuid": "5d0f77f7-9e45-460a-8d52-1b0971f5ecc1",
          "title": "Task Form E2E Tests",
          "fullFile": "",
          "file": "",
          "beforeHooks": [],
          "afterHooks": [],
          "tests": [],
          "suites": [
            {
              "uuid": "b22aa056-d52a-4269-ad8e-55d5367f1614",
              "title": "Opening Task Form",
              "fullFile": "",
              "file": "",
              "beforeHooks": [],
              "afterHooks": [],
              "tests": [
                {
                  "title": "should open create task form when clicking add button",
                  "fullTitle": "Task Form E2E Tests Opening Task Form should open create task form when clicking add button",
                  "timedOut": null,
                  "duration": 1405,
                  "state": "passed",
                  "speed": "fast",
                  "pass": true,
                  "fail": false,
                  "pending": false,
                  "context": null,
                  "code": "cy.get('button').contains(/add|create|new task/i).click();\ncy.get('.modal-overlay').should('be.visible');\ncy.contains('Create Task').should('be.visible');",
                  "err": {},
                  "uuid": "5db99739-520e-4e63-88a0-513957e80579",
                  "parentUUID": "b22aa056-d52a-4269-ad8e-55d5367f1614",
                  "isHook": false,
                  "skipped": false
                },
                {
                  "title": "should display all form fields",
                  "fullTitle": "Task Form E2E Tests Opening Task Form should display all form fields",
                  "timedOut": null,
                  "duration": 875,
                  "state": "passed",
                  "speed": "fast",
                  "pass": true,
                  "fail": false,
                  "pending": false,
                  "context": null,
                  "code": "cy.get('button').contains(/add|create|new task/i).click();\ncy.get('#title').should('be.visible');\ncy.get('#description').should('be.visible');\ncy.get('#due_date').should('be.visible');\ncy.get('#state').should('be.visible');\ncy.get('#tag').should('be.visible');",
                  "err": {},
                  "uuid": "fb590fdb-de4d-4122-a8cc-3e0d59058d59",
                  "parentUUID": "b22aa056-d52a-4269-ad8e-55d5367f1614",
                  "isHook": false,
                  "skipped": false
                },
                {
                  "title": "should have default state as \"todo\"",
                  "fullTitle": "Task Form E2E Tests Opening Task Form should have default state as \"todo\"",
                  "timedOut": null,
                  "duration": 867,
                  "state": "passed",
                  "speed": "fast",
                  "pass": true,
                  "fail": false,
                  "pending": false,
                  "context": null,
                  "code": "cy.get('button').contains(/add|create|new task/i).click();\ncy.get('#state').should('have.value', 'todo');",
                  "err": {},
                  "uuid": "e4d27e0a-2b6c-4148-ab74-c64b0be8d7d3",
                  "parentUUID": "b22aa056-d52a-4269-ad8e-55d5367f1614",
                  "isHook": false,
                  "skipped": false
                }
              ],
              "suites": [],
              "passes": [
                "5db99739-520e-4e63-88a0-513957e80579",
                "fb590fdb-de4d-4122-a8cc-3e0d59058d59",
                "e4d27e0a-2b6c-4148-ab74-c64b0be8d7d3"
              ],
              "failures": [],
              "pending": [],
              "skipped": [],
              "duration": 3147,
              "root": false,
              "rootEmpty": false,
              "_timeout": 2000
            },
            {
              "uuid": "07d7982f-b9d3-4161-ace8-fa94e5ffb8dc",
              "title": "Create Task Form Validation",
              "fullFile": "",
              "file": "",
              "beforeHooks": [],
              "afterHooks": [],
              "tests": [
                {
                  "title": "should show validation error for empty title",
                  "fullTitle": "Task Form E2E Tests Create Task Form Validation should show validation error for empty title",
                  "timedOut": null,
                  "duration": 902,
                  "state": "passed",
                  "speed": "fast",
                  "pass": true,
                  "fail": false,
                  "pending": false,
                  "context": null,
                  "code": "cy.get('#title').focus().blur();\ncy.contains('Title is required').should('be.visible');",
                  "err": {},
                  "uuid": "f87ac403-d4f1-479c-8329-fc5652960840",
                  "parentUUID": "07d7982f-b9d3-4161-ace8-fa94e5ffb8dc",
                  "isHook": false,
                  "skipped": false
                },
                {
                  "title": "should show validation error for title less than 3 characters",
                  "fullTitle": "Task Form E2E Tests Create Task Form Validation should show validation error for title less than 3 characters",
                  "timedOut": null,
                  "duration": 1000,
                  "state": "passed",
                  "speed": "fast",
                  "pass": true,
                  "fail": false,
                  "pending": false,
                  "context": null,
                  "code": "cy.get('#title').type('ab').blur();\ncy.contains(/at least 3 characters/i).should('be.visible');",
                  "err": {},
                  "uuid": "9e458be8-3ff6-4633-8ec8-60de5dd7819d",
                  "parentUUID": "07d7982f-b9d3-4161-ace8-fa94e5ffb8dc",
                  "isHook": false,
                  "skipped": false
                },
                {
                  "title": "should disable submit button when form is invalid",
                  "fullTitle": "Task Form E2E Tests Create Task Form Validation should disable submit button when form is invalid",
                  "timedOut": null,
                  "duration": 902,
                  "state": "passed",
                  "speed": "fast",
                  "pass": true,
                  "fail": false,
                  "pending": false,
                  "context": null,
                  "code": "cy.get('button[type=\"submit\"]').should('be.disabled');",
                  "err": {},
                  "uuid": "b954c467-5761-448e-8877-fce669dab547",
                  "parentUUID": "07d7982f-b9d3-4161-ace8-fa94e5ffb8dc",
                  "isHook": false,
                  "skipped": false
                },
                {
                  "title": "should enable submit button when title is valid",
                  "fullTitle": "Task Form E2E Tests Create Task Form Validation should enable submit button when title is valid",
                  "timedOut": null,
                  "duration": 1090,
                  "state": "passed",
                  "speed": "fast",
                  "pass": true,
                  "fail": false,
                  "pending": false,
                  "context": null,
                  "code": "cy.get('#title').type('Valid Task Title');\ncy.get('button[type=\"submit\"]').should('not.be.disabled');",
                  "err": {},
                  "uuid": "dca0861f-c05f-4594-8b1f-bdf93216393e",
                  "parentUUID": "07d7982f-b9d3-4161-ace8-fa94e5ffb8dc",
                  "isHook": false,
                  "skipped": false
                },
                {
                  "title": "should not show validation errors initially",
                  "fullTitle": "Task Form E2E Tests Create Task Form Validation should not show validation errors initially",
                  "timedOut": null,
                  "duration": 797,
                  "state": "passed",
                  "speed": "fast",
                  "pass": true,
                  "fail": false,
                  "pending": false,
                  "context": null,
                  "code": "cy.contains('Title is required').should('not.exist');",
                  "err": {},
                  "uuid": "98a569bf-27f0-409a-b580-fe8b2e4f52c9",
                  "parentUUID": "07d7982f-b9d3-4161-ace8-fa94e5ffb8dc",
                  "isHook": false,
                  "skipped": false
                }
              ],
              "suites": [],
              "passes": [
                "f87ac403-d4f1-479c-8329-fc5652960840",
                "9e458be8-3ff6-4633-8ec8-60de5dd7819d",
                "b954c467-5761-448e-8877-fce669dab547",
                "dca0861f-c05f-4594-8b1f-bdf93216393e",
                "98a569bf-27f0-409a-b580-fe8b2e4f52c9"
              ],
              "failures": [],
              "pending": [],
              "skipped": [],
              "duration": 4691,
              "root": false,
              "rootEmpty": false,
              "_timeout": 2000
            },
            {
              "uuid": "e5879c58-8e95-478d-979d-b8d87503393f",
              "title": "Creating a Task",
              "fullFile": "",
              "file": "",
              "beforeHooks": [],
              "afterHooks": [],
              "tests": [
                {
                  "title": "should create task with only required fields",
                  "fullTitle": "Task Form E2E Tests Creating a Task should create task with only required fields",
                  "timedOut": null,
                  "duration": 5340,
                  "state": "failed",
                  "speed": null,
                  "pass": false,
                  "fail": true,
                  "pending": false,
                  "context": null,
                  "code": "cy.get('#title').type('New Test Task');\ncy.get('button[type=\"submit\"]').click();\ncy.wait('@createTask').its('response.statusCode').should('eq', 201);\ncy.get('.modal-overlay').should('not.exist');",
                  "err": {
                    "message": "AssertionError: Timed out retrying after 4000ms: expected 307 to equal 201",
                    "estack": "AssertionError: Timed out retrying after 4000ms: expected 307 to equal 201\n    at Context.eval (webpack://task-manager/./cypress/e2e/test_tasks_form.cy.ts:80:56)",
                    "diff": "- 307\n+ 201\n"
                  },
                  "uuid": "38cf784f-cf8e-45ca-98d3-75a312ab7a7b",
                  "parentUUID": "e5879c58-8e95-478d-979d-b8d87503393f",
                  "isHook": false,
                  "skipped": false
                },
                {
                  "title": "should create task with all fields filled",
                  "fullTitle": "Task Form E2E Tests Creating a Task should create task with all fields filled",
                  "timedOut": null,
                  "duration": 2494,
                  "state": "passed",
                  "speed": "fast",
                  "pass": true,
                  "fail": false,
                  "pending": false,
                  "context": null,
                  "code": "const futureDate = new Date();\nfutureDate.setDate(futureDate.getDate() + 7);\nconst dateString = futureDate.toISOString().slice(0, 16);\ncy.get('#title').type('Complete Task');\ncy.get('#description').type('This is a detailed description of the task');\ncy.get('#due_date').type(dateString);\ncy.get('#state').select('doing');\ncy.get('#tag').select('urgent');\ncy.get('button[type=\"submit\"]').click();\ncy.wait('@createTask').then((interception) => {\n    expect(interception.request.body).to.have.property('title', 'Complete Task');\n    expect(interception.request.body).to.have.property('description');\n    expect(interception.request.body).to.have.property('state', 'doing');\n    expect(interception.request.body).to.have.property('tag', 'urgent');\n});",
                  "err": {},
                  "uuid": "cc3a0470-d686-44a2-b1ca-0763aedf5abd",
                  "parentUUID": "e5879c58-8e95-478d-979d-b8d87503393f",
                  "isHook": false,
                  "skipped": false
                },
                {
                  "title": "should send ISO date format to backend",
                  "fullTitle": "Task Form E2E Tests Creating a Task should send ISO date format to backend",
                  "timedOut": null,
                  "duration": 1494,
                  "state": "passed",
                  "speed": "fast",
                  "pass": true,
                  "fail": false,
                  "pending": false,
                  "context": null,
                  "code": "const futureDate = new Date();\nfutureDate.setDate(futureDate.getDate() + 1);\nconst dateString = futureDate.toISOString().slice(0, 16);\ncy.get('#title').type('Task with Date');\ncy.get('#due_date').type(dateString);\ncy.get('button[type=\"submit\"]').click();\ncy.wait('@createTask').then((interception) => {\n    expect(interception.request.body.due_date).to.match(/^\\d{4}-\\d{2}-\\d{2}T\\d{2}:\\d{2}:\\d{2}\\.\\d{3}Z$/);\n});",
                  "err": {},
                  "uuid": "d430aaa8-cc24-472b-a3ba-92b065badaed",
                  "parentUUID": "e5879c58-8e95-478d-979d-b8d87503393f",
                  "isHook": false,
                  "skipped": false
                },
                {
                  "title": "should not send empty optional fields",
                  "fullTitle": "Task Form E2E Tests Creating a Task should not send empty optional fields",
                  "timedOut": null,
                  "duration": 1172,
                  "state": "passed",
                  "speed": "fast",
                  "pass": true,
                  "fail": false,
                  "pending": false,
                  "context": null,
                  "code": "cy.get('#title').type('Minimal Task');\ncy.get('button[type=\"submit\"]').click();\ncy.wait('@createTask').then((interception) => {\n    expect(interception.request.body).to.not.have.property('description');\n    expect(interception.request.body).to.not.have.property('due_date');\n    expect(interception.request.body).to.not.have.property('tag');\n});",
                  "err": {},
                  "uuid": "c556aae9-9939-4a27-8d94-eb93b6c3c4fe",
                  "parentUUID": "e5879c58-8e95-478d-979d-b8d87503393f",
                  "isHook": false,
                  "skipped": false
                },
                {
                  "title": "should refresh task list after creation",
                  "fullTitle": "Task Form E2E Tests Creating a Task should refresh task list after creation",
                  "timedOut": null,
                  "duration": 1119,
                  "state": "passed",
                  "speed": "fast",
                  "pass": true,
                  "fail": false,
                  "pending": false,
                  "context": null,
                  "code": "cy.intercept('GET', `${apiUrl}/task?*`).as('getTasks');\ncy.get('#title').type('New Task');\ncy.get('button[type=\"submit\"]').click();\ncy.wait('@createTask');\ncy.wait('@getTasks');\ncy.contains('New Task').should('be.visible');",
                  "err": {},
                  "uuid": "5305e7b8-ef39-43f4-89b1-1693709bf282",
                  "parentUUID": "e5879c58-8e95-478d-979d-b8d87503393f",
                  "isHook": false,
                  "skipped": false
                },
                {
                  "title": "should display error message on creation failure",
                  "fullTitle": "Task Form E2E Tests Creating a Task should display error message on creation failure",
                  "timedOut": null,
                  "duration": 5222,
                  "state": "failed",
                  "speed": null,
                  "pass": false,
                  "fail": true,
                  "pending": false,
                  "context": null,
                  "code": "cy.intercept('POST', `${apiUrl}/task`, {\n    statusCode: 400,\n    body: { message: 'Task creation failed' }\n}).as('createTaskFailed');\ncy.get('#title').type('Failed Task');\ncy.get('button[type=\"submit\"]').click();\ncy.wait('@createTaskFailed');\ncy.contains(/failed|error/i).should('be.visible');",
                  "err": {
                    "message": "AssertionError: Timed out retrying after 4000ms: Expected to find content: '/failed|error/i' but never did.",
                    "estack": "AssertionError: Timed out retrying after 4000ms: Expected to find content: '/failed|error/i' but never did.\n    at Context.eval (webpack://task-manager/./cypress/e2e/test_tasks_form.cy.ts:152:35)",
                    "diff": null
                  },
                  "uuid": "6207d7ef-7c66-41e1-ada5-0c8ad0609251",
                  "parentUUID": "e5879c58-8e95-478d-979d-b8d87503393f",
                  "isHook": false,
                  "skipped": false
                }
              ],
              "suites": [],
              "passes": [
                "cc3a0470-d686-44a2-b1ca-0763aedf5abd",
                "d430aaa8-cc24-472b-a3ba-92b065badaed",
                "c556aae9-9939-4a27-8d94-eb93b6c3c4fe",
                "5305e7b8-ef39-43f4-89b1-1693709bf282"
              ],
              "failures": [
                "38cf784f-cf8e-45ca-98d3-75a312ab7a7b",
                "6207d7ef-7c66-41e1-ada5-0c8ad0609251"
              ],
              "pending": [],
              "skipped": [],
              "duration": 16841,
              "root": false,
              "rootEmpty": false,
              "_timeout": 2000
            },
            {
              "uuid": "7780be72-6669-4270-b6e0-bb2fba771ae6",
              "title": "Editing a Task",
              "fullFile": "",
              "file": "",
              "beforeHooks": [],
              "afterHooks": [],
              "tests": [
                {
                  "title": "should open edit form with pre-filled data",
                  "fullTitle": "Task Form E2E Tests Editing a Task should open edit form with pre-filled data",
                  "timedOut": null,
                  "duration": 5097,
                  "state": "failed",
                  "speed": null,
                  "pass": false,
                  "fail": true,
                  "pending": false,
                  "context": null,
                  "code": "cy.get('[data-testid=\"task-item\"]').first().find('button').contains(/edit/i).click();\ncy.contains('Edit Task').should('be.visible');\ncy.get('#title').should('not.have.value', '');",
                  "err": {
                    "message": "CypressError: Timed out retrying after 5000ms: `cy.wait()` timed out waiting `5000ms` for the 1st request to the route: `getTasks`. No request ever occurred.\n\nhttps://on.cypress.io/wait\n\nBecause this error occurred during a `before each` hook we are skipping the remaining tests in the current suite: `Editing a Task`",
                    "estack": "CypressError: Timed out retrying after 5000ms: `cy.wait()` timed out waiting `5000ms` for the 1st request to the route: `getTasks`. No request ever occurred.\n\nhttps://on.cypress.io/wait\n\nBecause this error occurred during a `before each` hook we are skipping the remaining tests in the current suite: `Editing a Task`\n    at cypressErr (http://localhost:4200/__cypress/runner/cypress_runner.js:77985:18)\n    at Object.errByPath (http://localhost:4200/__cypress/runner/cypress_runner.js:78053:10)\n    at checkForXhr (http://localhost:4200/__cypress/runner/cypress_runner.js:138416:84)\n    at <unknown> (http://localhost:4200/__cypress/runner/cypress_runner.js:138441:28)\n    at tryCatcher (http://localhost:4200/__cypress/runner/cypress_runner.js:1777:23)\n    at Promise.attempt.Promise.try (http://localhost:4200/__cypress/runner/cypress_runner.js:4285:29)\n    at whenStable (http://localhost:4200/__cypress/runner/cypress_runner.js:151493:68)\n    at <unknown> (http://localhost:4200/__cypress/runner/cypress_runner.js:151434:14)\n    at tryCatcher (http://localhost:4200/__cypress/runner/cypress_runner.js:1777:23)\n    at Promise._settlePromiseFromHandler (http://localhost:4200/__cypress/runner/cypress_runner.js:1489:31)\n    at Promise._settlePromise (http://localhost:4200/__cypress/runner/cypress_runner.js:1546:18)\n    at Promise._settlePromise0 (http://localhost:4200/__cypress/runner/cypress_runner.js:1591:10)\n    at Promise._settlePromises (http://localhost:4200/__cypress/runner/cypress_runner.js:1671:18)\n    at Promise._fulfill (http://localhost:4200/__cypress/runner/cypress_runner.js:1615:18)\n    at <unknown> (http://localhost:4200/__cypress/runner/cypress_runner.js:5420:46)",
                    "diff": null
                  },
                  "uuid": "a6fd797f-b981-4829-a6ad-727ee549acfa",
                  "parentUUID": "7780be72-6669-4270-b6e0-bb2fba771ae6",
                  "isHook": false,
                  "skipped": false
                },
                {
                  "title": "should update task successfully",
                  "fullTitle": "Task Form E2E Tests Editing a Task should update task successfully",
                  "timedOut": null,
                  "duration": 0,
                  "state": "skipped",
                  "speed": null,
                  "pass": false,
                  "fail": false,
                  "pending": false,
                  "context": null,
                  "code": "cy.intercept('PUT', `${apiUrl}/task/*`).as('updateTask');\ncy.get('[data-testid=\"task-item\"]').first().find('button').contains(/edit/i).click();\ncy.get('#title').clear().type('Updated Task Title');\ncy.get('#description').clear().type('Updated description');\ncy.get('button[type=\"submit\"]').click();\ncy.wait('@updateTask').its('response.statusCode').should('eq', 200);\ncy.get('.modal-overlay').should('not.exist');",
                  "err": {},
                  "uuid": "9af3e6af-892c-4332-98fc-ec5a14ba00b8",
                  "parentUUID": "7780be72-6669-4270-b6e0-bb2fba771ae6",
                  "isHook": false,
                  "skipped": true
                },
                {
                  "title": "should preserve unchanged fields when updating",
                  "fullTitle": "Task Form E2E Tests Editing a Task should preserve unchanged fields when updating",
                  "timedOut": null,
                  "duration": 0,
                  "state": "skipped",
                  "speed": null,
                  "pass": false,
                  "fail": false,
                  "pending": false,
                  "context": null,
                  "code": "cy.intercept('PUT', `${apiUrl}/task/*`).as('updateTask');\ncy.get('[data-testid=\"task-item\"]').first().find('button').contains(/edit/i).click();\nconst originalState = cy.get('#state').invoke('val');\ncy.get('#title').clear().type('Modified Title');\ncy.get('button[type=\"submit\"]').click();\ncy.wait('@updateTask').then((interception) => {\n    expect(interception.request.body).to.have.property('title', 'Modified Title');\n});",
                  "err": {},
                  "uuid": "ee19957e-3234-4804-9003-c9fa49e2bcde",
                  "parentUUID": "7780be72-6669-4270-b6e0-bb2fba771ae6",
                  "isHook": false,
                  "skipped": true
                },
                {
                  "title": "should show update error message",
                  "fullTitle": "Task Form E2E Tests Editing a Task should show update error message",
                  "timedOut": null,
                  "duration": 0,
                  "state": "skipped",
                  "speed": null,
                  "pass": false,
                  "fail": false,
                  "pending": false,
                  "context": null,
                  "code": "cy.intercept('PUT', `${apiUrl}/task/*`, {\n    statusCode: 400,\n    body: { message: 'Update failed' }\n}).as('updateTaskFailed');\ncy.get('[data-testid=\"task-item\"]').first().find('button').contains(/edit/i).click();\ncy.get('#title').clear().type('Will Fail');\ncy.get('button[type=\"submit\"]').click();\ncy.wait('@updateTaskFailed');\ncy.contains('Update failed').should('be.visible');",
                  "err": {},
                  "uuid": "f3dfec53-724d-4033-b8dd-4d77e867a7a5",
                  "parentUUID": "7780be72-6669-4270-b6e0-bb2fba771ae6",
                  "isHook": false,
                  "skipped": true
                }
              ],
              "suites": [],
              "passes": [],
              "failures": [
                "a6fd797f-b981-4829-a6ad-727ee549acfa"
              ],
              "pending": [],
              "skipped": [
                "9af3e6af-892c-4332-98fc-ec5a14ba00b8",
                "ee19957e-3234-4804-9003-c9fa49e2bcde",
                "f3dfec53-724d-4033-b8dd-4d77e867a7a5"
              ],
              "duration": 5097,
              "root": false,
              "rootEmpty": false,
              "_timeout": 2000
            },
            {
              "uuid": "21d49f27-801b-41a8-a7f4-d02555def655",
              "title": "Modal Behavior",
              "fullFile": "",
              "file": "",
              "beforeHooks": [],
              "afterHooks": [],
              "tests": [
                {
                  "title": "should close modal when clicking close button",
                  "fullTitle": "Task Form E2E Tests Modal Behavior should close modal when clicking close button",
                  "timedOut": null,
                  "duration": 866,
                  "state": "passed",
                  "speed": "fast",
                  "pass": true,
                  "fail": false,
                  "pending": false,
                  "context": null,
                  "code": "cy.get('.close-btn').click();\ncy.get('.modal-overlay').should('not.exist');",
                  "err": {},
                  "uuid": "834314f3-1c88-4e7b-8545-012da7688f17",
                  "parentUUID": "21d49f27-801b-41a8-a7f4-d02555def655",
                  "isHook": false,
                  "skipped": false
                },
                {
                  "title": "should close modal when clicking cancel button",
                  "fullTitle": "Task Form E2E Tests Modal Behavior should close modal when clicking cancel button",
                  "timedOut": null,
                  "duration": 871,
                  "state": "passed",
                  "speed": "fast",
                  "pass": true,
                  "fail": false,
                  "pending": false,
                  "context": null,
                  "code": "cy.get('button').contains('Cancel').click();\ncy.get('.modal-overlay').should('not.exist');",
                  "err": {},
                  "uuid": "4e8ed7b6-3836-4771-949a-0642d858a5ab",
                  "parentUUID": "21d49f27-801b-41a8-a7f4-d02555def655",
                  "isHook": false,
                  "skipped": false
                },
                {
                  "title": "should close modal when clicking overlay",
                  "fullTitle": "Task Form E2E Tests Modal Behavior should close modal when clicking overlay",
                  "timedOut": null,
                  "duration": 843,
                  "state": "passed",
                  "speed": "fast",
                  "pass": true,
                  "fail": false,
                  "pending": false,
                  "context": null,
                  "code": "cy.get('.modal-overlay').click({ force: true });\ncy.get('.modal-overlay').should('not.exist');",
                  "err": {},
                  "uuid": "b76a153b-0d44-46a6-8d4d-f96a28488390",
                  "parentUUID": "21d49f27-801b-41a8-a7f4-d02555def655",
                  "isHook": false,
                  "skipped": false
                },
                {
                  "title": "should not close modal when clicking modal content",
                  "fullTitle": "Task Form E2E Tests Modal Behavior should not close modal when clicking modal content",
                  "timedOut": null,
                  "duration": 3300,
                  "state": "passed",
                  "speed": "fast",
                  "pass": true,
                  "fail": false,
                  "pending": false,
                  "context": null,
                  "code": "cy.get('.modal-content').click();\ncy.get('.modal-overlay').should('be.visible');",
                  "err": {},
                  "uuid": "c8900daa-54b1-4f00-8c1d-19f8e5ab987c",
                  "parentUUID": "21d49f27-801b-41a8-a7f4-d02555def655",
                  "isHook": false,
                  "skipped": false
                },
                {
                  "title": "should clear form data when closing without saving",
                  "fullTitle": "Task Form E2E Tests Modal Behavior should clear form data when closing without saving",
                  "timedOut": null,
                  "duration": 1257,
                  "state": "passed",
                  "speed": "fast",
                  "pass": true,
                  "fail": false,
                  "pending": false,
                  "context": null,
                  "code": "cy.get('#title').type('Unsaved Task');\ncy.get('.close-btn').click();\ncy.get('button').contains(/add|create|new task/i).click();\ncy.get('#title').should('have.value', '');",
                  "err": {},
                  "uuid": "5aa42199-5619-488c-89a5-034f1ffad21f",
                  "parentUUID": "21d49f27-801b-41a8-a7f4-d02555def655",
                  "isHook": false,
                  "skipped": false
                }
              ],
              "suites": [],
              "passes": [
                "834314f3-1c88-4e7b-8545-012da7688f17",
                "4e8ed7b6-3836-4771-949a-0642d858a5ab",
                "b76a153b-0d44-46a6-8d4d-f96a28488390",
                "c8900daa-54b1-4f00-8c1d-19f8e5ab987c",
                "5aa42199-5619-488c-89a5-034f1ffad21f"
              ],
              "failures": [],
              "pending": [],
              "skipped": [],
              "duration": 7137,
              "root": false,
              "rootEmpty": false,
              "_timeout": 2000
            },
            {
              "uuid": "d361921f-7b96-40d8-9b52-01b5e0a7eb4e",
              "title": "State Dropdown",
              "fullFile": "",
              "file": "",
              "beforeHooks": [],
              "afterHooks": [],
              "tests": [
                {
                  "title": "should have all state options",
                  "fullTitle": "Task Form E2E Tests State Dropdown should have all state options",
                  "timedOut": null,
                  "duration": 821,
                  "state": "passed",
                  "speed": "fast",
                  "pass": true,
                  "fail": false,
                  "pending": false,
                  "context": null,
                  "code": "cy.get('#state option').should('have.length', 3);\ncy.get('#state option').eq(0).should('have.value', 'todo').and('contain', 'To Do');\ncy.get('#state option').eq(1).should('have.value', 'doing').and('contain', 'In Progress');\ncy.get('#state option').eq(2).should('have.value', 'done').and('contain', 'Done');",
                  "err": {},
                  "uuid": "d2a262e1-da4b-4402-bc6f-7469e0e337b5",
                  "parentUUID": "d361921f-7b96-40d8-9b52-01b5e0a7eb4e",
                  "isHook": false,
                  "skipped": false
                },
                {
                  "title": "should allow changing state",
                  "fullTitle": "Task Form E2E Tests State Dropdown should allow changing state",
                  "timedOut": null,
                  "duration": 1033,
                  "state": "passed",
                  "speed": "fast",
                  "pass": true,
                  "fail": false,
                  "pending": false,
                  "context": null,
                  "code": "cy.get('#state').select('doing');\ncy.get('#state').should('have.value', 'doing');\ncy.get('#state').select('done');\ncy.get('#state').should('have.value', 'done');",
                  "err": {},
                  "uuid": "5bdd63f5-c395-4f6b-8766-50ef86605903",
                  "parentUUID": "d361921f-7b96-40d8-9b52-01b5e0a7eb4e",
                  "isHook": false,
                  "skipped": false
                }
              ],
              "suites": [],
              "passes": [
                "d2a262e1-da4b-4402-bc6f-7469e0e337b5",
                "5bdd63f5-c395-4f6b-8766-50ef86605903"
              ],
              "failures": [],
              "pending": [],
              "skipped": [],
              "duration": 1854,
              "root": false,
              "rootEmpty": false,
              "_timeout": 2000
            },
            {
              "uuid": "45ba78ba-9eb8-4281-bec1-1366a8ad97d8",
              "title": "Tag Dropdown",
              "fullFile": "",
              "file": "",
              "beforeHooks": [],
              "afterHooks": [],
              "tests": [
                {
                  "title": "should have all tag options including None",
                  "fullTitle": "Task Form E2E Tests Tag Dropdown should have all tag options including None",
                  "timedOut": null,
                  "duration": 820,
                  "state": "passed",
                  "speed": "fast",
                  "pass": true,
                  "fail": false,
                  "pending": false,
                  "context": null,
                  "code": "cy.get('#tag option').should('have.length', 4);\ncy.get('#tag option').eq(0).should('have.value', '').and('contain', 'None');\ncy.get('#tag option').eq(1).should('have.value', 'optional').and('contain', 'Optional');\ncy.get('#tag option').eq(2).should('have.value', 'important').and('contain', 'Important');\ncy.get('#tag option').eq(3).should('have.value', 'urgent').and('contain', 'Urgent');",
                  "err": {},
                  "uuid": "a081616e-7255-4f8a-9bf0-1654d40c1b46",
                  "parentUUID": "45ba78ba-9eb8-4281-bec1-1366a8ad97d8",
                  "isHook": false,
                  "skipped": false
                },
                {
                  "title": "should allow selecting and deselecting tags",
                  "fullTitle": "Task Form E2E Tests Tag Dropdown should allow selecting and deselecting tags",
                  "timedOut": null,
                  "duration": 1078,
                  "state": "passed",
                  "speed": "fast",
                  "pass": true,
                  "fail": false,
                  "pending": false,
                  "context": null,
                  "code": "cy.get('#tag').select('urgent');\ncy.get('#tag').should('have.value', 'urgent');\ncy.get('#tag').select('');\ncy.get('#tag').should('have.value', '');",
                  "err": {},
                  "uuid": "ec3950d4-3f15-4dea-8009-371daf780c82",
                  "parentUUID": "45ba78ba-9eb8-4281-bec1-1366a8ad97d8",
                  "isHook": false,
                  "skipped": false
                }
              ],
              "suites": [],
              "passes": [
                "a081616e-7255-4f8a-9bf0-1654d40c1b46",
                "ec3950d4-3f15-4dea-8009-371daf780c82"
              ],
              "failures": [],
              "pending": [],
              "skipped": [],
              "duration": 1898,
              "root": false,
              "rootEmpty": false,
              "_timeout": 2000
            },
            {
              "uuid": "83e07af3-b1b2-461d-8ed4-15c9009f9b23",
              "title": "Due Date Field",
              "fullFile": "",
              "file": "",
              "beforeHooks": [],
              "afterHooks": [],
              "tests": [
                {
                  "title": "should have datetime-local input type",
                  "fullTitle": "Task Form E2E Tests Due Date Field should have datetime-local input type",
                  "timedOut": null,
                  "duration": 806,
                  "state": "passed",
                  "speed": "fast",
                  "pass": true,
                  "fail": false,
                  "pending": false,
                  "context": null,
                  "code": "cy.get('#due_date').should('have.attr', 'type', 'datetime-local');",
                  "err": {},
                  "uuid": "bfbb81a8-f80c-40c3-9eef-f59483ec5062",
                  "parentUUID": "83e07af3-b1b2-461d-8ed4-15c9009f9b23",
                  "isHook": false,
                  "skipped": false
                },
                {
                  "title": "should have min attribute set to current time",
                  "fullTitle": "Task Form E2E Tests Due Date Field should have min attribute set to current time",
                  "timedOut": null,
                  "duration": 775,
                  "state": "passed",
                  "speed": "fast",
                  "pass": true,
                  "fail": false,
                  "pending": false,
                  "context": null,
                  "code": "cy.get('#due_date').should('have.attr', 'min');",
                  "err": {},
                  "uuid": "a6eb3b27-7893-4612-a0f0-680769265661",
                  "parentUUID": "83e07af3-b1b2-461d-8ed4-15c9009f9b23",
                  "isHook": false,
                  "skipped": false
                },
                {
                  "title": "should accept valid future dates",
                  "fullTitle": "Task Form E2E Tests Due Date Field should accept valid future dates",
                  "timedOut": null,
                  "duration": 1118,
                  "state": "passed",
                  "speed": "fast",
                  "pass": true,
                  "fail": false,
                  "pending": false,
                  "context": null,
                  "code": "const futureDate = new Date();\nfutureDate.setDate(futureDate.getDate() + 7);\nconst dateString = futureDate.toISOString().slice(0, 16);\ncy.get('#due_date').type(dateString);\ncy.get('#due_date').should('have.value', dateString);",
                  "err": {},
                  "uuid": "4d2e1033-f916-48f6-92d0-872a0ca3d018",
                  "parentUUID": "83e07af3-b1b2-461d-8ed4-15c9009f9b23",
                  "isHook": false,
                  "skipped": false
                }
              ],
              "suites": [],
              "passes": [
                "bfbb81a8-f80c-40c3-9eef-f59483ec5062",
                "a6eb3b27-7893-4612-a0f0-680769265661",
                "4d2e1033-f916-48f6-92d0-872a0ca3d018"
              ],
              "failures": [],
              "pending": [],
              "skipped": [],
              "duration": 2699,
              "root": false,
              "rootEmpty": false,
              "_timeout": 2000
            },
            {
              "uuid": "7fe3d994-d0a4-4b84-8554-7e873b23dafd",
              "title": "Description Field",
              "fullFile": "",
              "file": "",
              "beforeHooks": [],
              "afterHooks": [],
              "tests": [
                {
                  "title": "should be a textarea",
                  "fullTitle": "Task Form E2E Tests Description Field should be a textarea",
                  "timedOut": null,
                  "duration": 803,
                  "state": "passed",
                  "speed": "fast",
                  "pass": true,
                  "fail": false,
                  "pending": false,
                  "context": null,
                  "code": "cy.get('#description').should('match', 'textarea');",
                  "err": {},
                  "uuid": "8052b2aa-30dc-43a6-9d69-64e2e698a841",
                  "parentUUID": "7fe3d994-d0a4-4b84-8554-7e873b23dafd",
                  "isHook": false,
                  "skipped": false
                },
                {
                  "title": "should accept long text",
                  "fullTitle": "Task Form E2E Tests Description Field should accept long text",
                  "timedOut": null,
                  "duration": 7307,
                  "state": "passed",
                  "speed": "medium",
                  "pass": true,
                  "fail": false,
                  "pending": false,
                  "context": null,
                  "code": "const longText = 'This is a very long description that spans multiple lines and contains a lot of information about the task. '.repeat(5);\ncy.get('#description').type(longText);\ncy.get('#description').should('have.value', longText);",
                  "err": {},
                  "uuid": "f6c64fa8-164d-49e4-a6e2-733889149740",
                  "parentUUID": "7fe3d994-d0a4-4b84-8554-7e873b23dafd",
                  "isHook": false,
                  "skipped": false
                },
                {
                  "title": "should be optional",
                  "fullTitle": "Task Form E2E Tests Description Field should be optional",
                  "timedOut": null,
                  "duration": 1191,
                  "state": "passed",
                  "speed": "fast",
                  "pass": true,
                  "fail": false,
                  "pending": false,
                  "context": null,
                  "code": "cy.get('#title').type('Task without description');\ncy.get('button[type=\"submit\"]').should('not.be.disabled');",
                  "err": {},
                  "uuid": "972fb075-4bba-4736-97a3-5951bb5b9cb4",
                  "parentUUID": "7fe3d994-d0a4-4b84-8554-7e873b23dafd",
                  "isHook": false,
                  "skipped": false
                }
              ],
              "suites": [],
              "passes": [
                "8052b2aa-30dc-43a6-9d69-64e2e698a841",
                "f6c64fa8-164d-49e4-a6e2-733889149740",
                "972fb075-4bba-4736-97a3-5951bb5b9cb4"
              ],
              "failures": [],
              "pending": [],
              "skipped": [],
              "duration": 9301,
              "root": false,
              "rootEmpty": false,
              "_timeout": 2000
            },
            {
              "uuid": "efc0bba3-a731-4abe-bf7c-48c150ea2592",
              "title": "Form Accessibility",
              "fullFile": "",
              "file": "",
              "beforeHooks": [],
              "afterHooks": [],
              "tests": [
                {
                  "title": "should have labels for all form fields",
                  "fullTitle": "Task Form E2E Tests Form Accessibility should have labels for all form fields",
                  "timedOut": null,
                  "duration": 795,
                  "state": "passed",
                  "speed": "fast",
                  "pass": true,
                  "fail": false,
                  "pending": false,
                  "context": null,
                  "code": "cy.get('label[for=\"title\"]').should('exist');\ncy.get('label[for=\"description\"]').should('exist');\ncy.get('label[for=\"due_date\"]').should('exist');\ncy.get('label[for=\"state\"]').should('exist');\ncy.get('label[for=\"tag\"]').should('exist');",
                  "err": {},
                  "uuid": "434c7cc6-10fb-4b18-8e86-dd6289355d20",
                  "parentUUID": "efc0bba3-a731-4abe-bf7c-48c150ea2592",
                  "isHook": false,
                  "skipped": false
                },
                {
                  "title": "should show required indicator for title",
                  "fullTitle": "Task Form E2E Tests Form Accessibility should show required indicator for title",
                  "timedOut": null,
                  "duration": 762,
                  "state": "passed",
                  "speed": "fast",
                  "pass": true,
                  "fail": false,
                  "pending": false,
                  "context": null,
                  "code": "cy.get('label[for=\"title\"]').find('.required').should('contain', '*');",
                  "err": {},
                  "uuid": "3d376bfb-cac3-4481-9875-dfb13269c43b",
                  "parentUUID": "efc0bba3-a731-4abe-bf7c-48c150ea2592",
                  "isHook": false,
                  "skipped": false
                },
                {
                  "title": "should have close button with aria-label",
                  "fullTitle": "Task Form E2E Tests Form Accessibility should have close button with aria-label",
                  "timedOut": null,
                  "duration": 788,
                  "state": "passed",
                  "speed": "fast",
                  "pass": true,
                  "fail": false,
                  "pending": false,
                  "context": null,
                  "code": "cy.get('.close-btn').should('have.attr', 'aria-label', 'Close');",
                  "err": {},
                  "uuid": "71e2e2d9-bc92-483c-ab83-db9b286ddea1",
                  "parentUUID": "efc0bba3-a731-4abe-bf7c-48c150ea2592",
                  "isHook": false,
                  "skipped": false
                },
                {
                  "title": "should be keyboard navigable",
                  "fullTitle": "Task Form E2E Tests Form Accessibility should be keyboard navigable",
                  "timedOut": null,
                  "duration": 917,
                  "state": "failed",
                  "speed": null,
                  "pass": false,
                  "fail": true,
                  "pending": false,
                  "context": null,
                  "code": "cy.get('#title').focus().should('have.focus');\ncy.realPress('Tab');\ncy.focused().should('have.id', 'description');",
                  "err": {
                    "message": "TypeError: cy.realPress is not a function",
                    "estack": "TypeError: cy.realPress is not a function\n    at Context.eval (webpack://task-manager/./cypress/e2e/test_tasks_form.cy.ts:361:9)\n    at runnable.fn (http://localhost:4200/__cypress/runner/cypress_runner.js:146091:19)\n    at callFn (http://localhost:4200/__cypress/runner/cypress_runner.js:165185:21)\n    at Runnable.run (http://localhost:4200/__cypress/runner/cypress_runner.js:165172:7)\n    at <unknown> (http://localhost:4200/__cypress/runner/cypress_runner.js:171267:30)\n    at PassThroughHandlerContext.finallyHandler (http://localhost:4200/__cypress/runner/cypress_runner.js:4042:23)\n    at PassThroughHandlerContext.tryCatcher (http://localhost:4200/__cypress/runner/cypress_runner.js:1777:23)\n    at Promise._settlePromiseFromHandler (http://localhost:4200/__cypress/runner/cypress_runner.js:1489:31)\n    at Promise._settlePromise (http://localhost:4200/__cypress/runner/cypress_runner.js:1546:18)",
                    "diff": null
                  },
                  "uuid": "a8cbbffc-cbf2-490b-a88b-3d98ebb27e77",
                  "parentUUID": "efc0bba3-a731-4abe-bf7c-48c150ea2592",
                  "isHook": false,
                  "skipped": false
                }
              ],
              "suites": [],
              "passes": [
                "434c7cc6-10fb-4b18-8e86-dd6289355d20",
                "3d376bfb-cac3-4481-9875-dfb13269c43b",
                "71e2e2d9-bc92-483c-ab83-db9b286ddea1"
              ],
              "failures": [
                "a8cbbffc-cbf2-490b-a88b-3d98ebb27e77"
              ],
              "pending": [],
              "skipped": [],
              "duration": 3262,
              "root": false,
              "rootEmpty": false,
              "_timeout": 2000
            },
            {
              "uuid": "0f579d78-f651-4225-8cbe-66e489be9c33",
              "title": "Error Handling",
              "fullFile": "",
              "file": "",
              "beforeHooks": [],
              "afterHooks": [],
              "tests": [
                {
                  "title": "should clear previous errors on new submission",
                  "fullTitle": "Task Form E2E Tests Error Handling should clear previous errors on new submission",
                  "timedOut": null,
                  "duration": 5264,
                  "state": "failed",
                  "speed": null,
                  "pass": false,
                  "fail": true,
                  "pending": false,
                  "context": null,
                  "code": "cy.intercept('POST', `${apiUrl}/task`, {\n    statusCode: 400,\n    body: { message: 'First error' }\n}).as('firstError');\ncy.get('#title').type('First Task');\ncy.get('button[type=\"submit\"]').click();\ncy.wait('@firstError');\ncy.contains('First error').should('be.visible');\ncy.intercept('POST', `${apiUrl}/task`, {\n    statusCode: 201,\n    body: { id: 1 }\n}).as('success');\ncy.get('button[type=\"submit\"]').click();\ncy.wait('@success');\ncy.contains('First error').should('not.exist');",
                  "err": {
                    "message": "AssertionError: Timed out retrying after 4000ms: Expected to find content: 'First error' but never did.",
                    "estack": "AssertionError: Timed out retrying after 4000ms: Expected to find content: 'First error' but never did.\n    at Context.eval (webpack://task-manager/./cypress/e2e/test_tasks_form.cy.ts:380:33)",
                    "diff": null
                  },
                  "uuid": "e4cd5cf3-5b5e-4179-bbfc-8e3625ac4c09",
                  "parentUUID": "0f579d78-f651-4225-8cbe-66e489be9c33",
                  "isHook": false,
                  "skipped": false
                }
              ],
              "suites": [],
              "passes": [],
              "failures": [
                "e4cd5cf3-5b5e-4179-bbfc-8e3625ac4c09"
              ],
              "pending": [],
              "skipped": [],
              "duration": 5264,
              "root": false,
              "rootEmpty": false,
              "_timeout": 2000
            },
            {
              "uuid": "f1b20432-713e-45e0-90a8-3d04daa6fffe",
              "title": "Loading State",
              "fullFile": "",
              "file": "",
              "beforeHooks": [],
              "afterHooks": [],
              "tests": [
                {
                  "title": "should disable submit button during submission",
                  "fullTitle": "Task Form E2E Tests Loading State should disable submit button during submission",
                  "timedOut": null,
                  "duration": 5261,
                  "state": "failed",
                  "speed": null,
                  "pass": false,
                  "fail": true,
                  "pending": false,
                  "context": null,
                  "code": "cy.intercept('POST', `${apiUrl}/task`, (req) => {\n    req.continue((res) => {\n        res.delay = 1000;\n    });\n}).as('slowCreate');\ncy.get('#title').type('Slow Task');\ncy.get('button[type=\"submit\"]').click();\ncy.get('button[type=\"submit\"]').should('be.disabled');",
                  "err": {
                    "message": "AssertionError: Timed out retrying after 4000ms: Expected to find element: `button[type=\"submit\"]`, but never found it.",
                    "estack": "AssertionError: Timed out retrying after 4000ms: Expected to find element: `button[type=\"submit\"]`, but never found it.\n    at Context.eval (webpack://task-manager/./cypress/e2e/test_tasks_form.cy.ts:407:38)",
                    "diff": null
                  },
                  "uuid": "a9b0f21e-2c88-44f3-9c1d-b4ea9cf2206b",
                  "parentUUID": "f1b20432-713e-45e0-90a8-3d04daa6fffe",
                  "isHook": false,
                  "skipped": false
                }
              ],
              "suites": [],
              "passes": [],
              "failures": [
                "a9b0f21e-2c88-44f3-9c1d-b4ea9cf2206b"
              ],
              "pending": [],
              "skipped": [],
              "duration": 5261,
              "root": false,
              "rootEmpty": false,
              "_timeout": 2000
            }
          ],
          "passes": [],
          "failures": [],
          "pending": [],
          "skipped": [],
          "duration": 0,
          "root": false,
          "rootEmpty": false,
          "_timeout": 2000
        }
      ],
      "passes": [],
      "failures": [],
      "pending": [],
      "skipped": [],
      "duration": 0,
      "root": true,
      "rootEmpty": true,
      "_timeout": 2000
    }
  ],
  "meta": {
    "mocha": {
      "version": "7.2.0"
    },
    "mochawesome": {
      "options": {
        "quiet": false,
        "reportFilename": "mochawesome",
        "saveHtml": true,
        "saveJson": true,
        "consoleReporter": "spec",
        "useInlineDiffs": false,
        "code": true
      },
      "version": "7.1.4"
    },
    "marge": {
      "options": {
        "reportDir": "cypress/reports",
        "overwrite": false,
        "html": true,
        "json": true,
        "timestamp": "mmddyyyy_HHMMss"
      },
      "version": "6.3.2"
    }
  }
}