{
  "stats": {
    "suites": 11,
    "tests": 22,
    "passes": 18,
    "pending": 0,
    "failures": 4,
    "start": "2025-12-12T21:13:19.298Z",
    "end": "2025-12-12T21:13:46.680Z",
    "duration": 27382,
    "testsRegistered": 22,
    "passPercent": 81.81818181818183,
    "pendingPercent": 0,
    "other": 0,
    "hasOther": false,
    "skipped": 0,
    "hasSkipped": false
  },
  "results": [
    {
      "uuid": "7d30be27-20de-4ff1-97f0-b144bb7024e7",
      "title": "",
      "fullFile": "cypress/e2e/test_login.cy.ts",
      "file": "cypress/e2e/test_login.cy.ts",
      "beforeHooks": [],
      "afterHooks": [],
      "tests": [],
      "suites": [
        {
          "uuid": "517d631b-0807-4c20-863a-8bdc26e4fcf6",
          "title": "Login E2E tests",
          "fullFile": "",
          "file": "",
          "beforeHooks": [],
          "afterHooks": [],
          "tests": [],
          "suites": [
            {
              "uuid": "52dd27a3-2ffb-4280-80c9-e738be88b5d5",
              "title": "Form Validation",
              "fullFile": "",
              "file": "",
              "beforeHooks": [],
              "afterHooks": [],
              "tests": [
                {
                  "title": "shows validation error for empty email field",
                  "fullTitle": "Login E2E tests Form Validation shows validation error for empty email field",
                  "timedOut": null,
                  "duration": 1386,
                  "state": "passed",
                  "speed": "fast",
                  "pass": true,
                  "fail": false,
                  "pending": false,
                  "context": null,
                  "code": "cy.get('input#password').type('testpassword123');\ncy.get('input#username').focus().blur();\ncy.get('input#username').should('have.class', 'ng-invalid');",
                  "err": {},
                  "uuid": "fd6a390f-1bad-4b9e-85e8-c261b709750d",
                  "parentUUID": "52dd27a3-2ffb-4280-80c9-e738be88b5d5",
                  "isHook": false,
                  "skipped": false
                },
                {
                  "title": "shows validation error for invalid email format",
                  "fullTitle": "Login E2E tests Form Validation shows validation error for invalid email format",
                  "timedOut": null,
                  "duration": 626,
                  "state": "passed",
                  "speed": "fast",
                  "pass": true,
                  "fail": false,
                  "pending": false,
                  "context": null,
                  "code": "cy.get('input#username').type('invalidemail');\ncy.get('input#username').blur();\ncy.get('input#username').should('have.class', 'ng-invalid');",
                  "err": {},
                  "uuid": "57d08394-0e96-4674-9da0-2e7bf084e055",
                  "parentUUID": "52dd27a3-2ffb-4280-80c9-e738be88b5d5",
                  "isHook": false,
                  "skipped": false
                },
                {
                  "title": "shows validation error for empty password field",
                  "fullTitle": "Login E2E tests Form Validation shows validation error for empty password field",
                  "timedOut": null,
                  "duration": 581,
                  "state": "passed",
                  "speed": "fast",
                  "pass": true,
                  "fail": false,
                  "pending": false,
                  "context": null,
                  "code": "cy.get('input#username').type('test@example.com');\ncy.get('input#password').focus().blur();\ncy.get('input#password').should('have.class', 'ng-invalid');",
                  "err": {},
                  "uuid": "633191cb-3990-417c-a953-81871d15042d",
                  "parentUUID": "52dd27a3-2ffb-4280-80c9-e738be88b5d5",
                  "isHook": false,
                  "skipped": false
                },
                {
                  "title": "enables submit when form is valid",
                  "fullTitle": "Login E2E tests Form Validation enables submit when form is valid",
                  "timedOut": null,
                  "duration": 929,
                  "state": "passed",
                  "speed": "fast",
                  "pass": true,
                  "fail": false,
                  "pending": false,
                  "context": null,
                  "code": "cy.get('input#username').type('test@example.com');\ncy.get('input#password').type('password123');\ncy.get('button[type=\"submit\"]').should('not.be.disabled');",
                  "err": {},
                  "uuid": "88863236-bfb9-4783-b089-a2a9331b6a59",
                  "parentUUID": "52dd27a3-2ffb-4280-80c9-e738be88b5d5",
                  "isHook": false,
                  "skipped": false
                }
              ],
              "suites": [],
              "passes": [
                "fd6a390f-1bad-4b9e-85e8-c261b709750d",
                "57d08394-0e96-4674-9da0-2e7bf084e055",
                "633191cb-3990-417c-a953-81871d15042d",
                "88863236-bfb9-4783-b089-a2a9331b6a59"
              ],
              "failures": [],
              "pending": [],
              "skipped": [],
              "duration": 3522,
              "root": false,
              "rootEmpty": false,
              "_timeout": 2000
            },
            {
              "uuid": "611b7013-f0c8-4336-aea3-d38d1b72e49b",
              "title": "Login Functionality",
              "fullFile": "",
              "file": "",
              "beforeHooks": [],
              "afterHooks": [],
              "tests": [
                {
                  "title": "logs in successfully with valid credentials",
                  "fullTitle": "Login E2E tests Login Functionality logs in successfully with valid credentials",
                  "timedOut": null,
                  "duration": 1057,
                  "state": "passed",
                  "speed": "fast",
                  "pass": true,
                  "fail": false,
                  "pending": false,
                  "context": null,
                  "code": "cy.intercept('POST', `${apiUrl}/login`).as('loginRequest');\ncy.get('input#username').type('m@yopmail.com');\ncy.get('input#password').type('123456');\ncy.get('form').submit();\ncy.wait('@loginRequest').its('response.statusCode').should('eq', 200);\ncy.url({ timeout: 10000 }).should('include', '/tasks');",
                  "err": {},
                  "uuid": "6ce05571-320f-4d7a-ae59-d544e4f49873",
                  "parentUUID": "611b7013-f0c8-4336-aea3-d38d1b72e49b",
                  "isHook": false,
                  "skipped": false
                },
                {
                  "title": "displays error for invalid credentials",
                  "fullTitle": "Login E2E tests Login Functionality displays error for invalid credentials",
                  "timedOut": null,
                  "duration": 5186,
                  "state": "failed",
                  "speed": null,
                  "pass": false,
                  "fail": true,
                  "pending": false,
                  "context": null,
                  "code": "cy.intercept('POST', `${apiUrl}/login`).as('loginRequest');\ncy.get('input#username').type('wrong@example.com');\ncy.get('input#password').type('wrongpassword');\ncy.get('form').submit();\ncy.wait('@loginRequest');\ncy.get('body').should('match', /login failed|invalid credentials|error/i);",
                  "err": {
                    "message": "AssertionError: Timed out retrying after 4000ms: expected '<body>' to match /login failed|invalid credentials|error/i",
                    "estack": "AssertionError: Timed out retrying after 4000ms: expected '<body>' to match /login failed|invalid credentials|error/i\n    at Context.eval (webpack://task-manager/./cypress/e2e/test_login.cy.ts:62:21)",
                    "diff": null
                  },
                  "uuid": "42082e21-c43a-456c-b245-9e5877913dd6",
                  "parentUUID": "611b7013-f0c8-4336-aea3-d38d1b72e49b",
                  "isHook": false,
                  "skipped": false
                },
                {
                  "title": "handles server error gracefully",
                  "fullTitle": "Login E2E tests Login Functionality handles server error gracefully",
                  "timedOut": null,
                  "duration": 927,
                  "state": "passed",
                  "speed": "fast",
                  "pass": true,
                  "fail": false,
                  "pending": false,
                  "context": null,
                  "code": "cy.intercept('POST', `${apiUrl}/login`).as('loginRequest');\ncy.get('input#username').type('test@example.com');\ncy.get('input#password').type('password123');\ncy.get('form').submit();\ncy.wait('@loginRequest');\ncy.get('body').then(($body) => {\n    const bodyText = $body.text().toLowerCase();\n    if (bodyText.includes('error') || bodyText.includes('failed')) {\n        cy.wrap($body).should('match', /error|failed/i);\n    }\n});",
                  "err": {},
                  "uuid": "85eb8eb9-5dcb-4481-b886-51f7be61e84e",
                  "parentUUID": "611b7013-f0c8-4336-aea3-d38d1b72e49b",
                  "isHook": false,
                  "skipped": false
                }
              ],
              "suites": [],
              "passes": [
                "6ce05571-320f-4d7a-ae59-d544e4f49873",
                "85eb8eb9-5dcb-4481-b886-51f7be61e84e"
              ],
              "failures": [
                "42082e21-c43a-456c-b245-9e5877913dd6"
              ],
              "pending": [],
              "skipped": [],
              "duration": 7170,
              "root": false,
              "rootEmpty": false,
              "_timeout": 2000
            },
            {
              "uuid": "4f58f0f0-a132-439b-be59-4ef39d6b1363",
              "title": "Login Functionality - Alternative Without Wait",
              "fullFile": "",
              "file": "",
              "beforeHooks": [],
              "afterHooks": [],
              "tests": [
                {
                  "title": "logs in successfully and redirects to tasks page",
                  "fullTitle": "Login E2E tests Login Functionality - Alternative Without Wait logs in successfully and redirects to tasks page",
                  "timedOut": null,
                  "duration": 860,
                  "state": "passed",
                  "speed": "fast",
                  "pass": true,
                  "fail": false,
                  "pending": false,
                  "context": null,
                  "code": "cy.get('input#username').type('m@yopmail.com');\ncy.get('input#password').type('123456');\ncy.get('form').submit();\ncy.url({ timeout: 10000 }).should('include', '/tasks');\ncy.contains(/tasks/i, { timeout: 10000 }).should('be.visible');",
                  "err": {},
                  "uuid": "27bca6fe-a8dd-4b01-918f-1bf38f39c294",
                  "parentUUID": "4f58f0f0-a132-439b-be59-4ef39d6b1363",
                  "isHook": false,
                  "skipped": false
                },
                {
                  "title": "displays error for invalid credentials",
                  "fullTitle": "Login E2E tests Login Functionality - Alternative Without Wait displays error for invalid credentials",
                  "timedOut": null,
                  "duration": 1192,
                  "state": "failed",
                  "speed": null,
                  "pass": false,
                  "fail": true,
                  "pending": false,
                  "context": null,
                  "code": "cy.get('input#username').type('invalid@example.com');\ncy.get('input#password').type('wrongpassword');\ncy.get('form').submit();\ncy.get('body', { timeout: 10000 }).then(($body) => {\n    const text = $body.text().toLowerCase();\n    expect(text.includes('error') ||\n        text.includes('failed') ||\n        text.includes('invalid')).to.be.true;\n});",
                  "err": {
                    "message": "AssertionError: expected false to be true",
                    "estack": "AssertionError: expected false to be true\n    at Context.eval (webpack://task-manager/./cypress/e2e/test_login.cy.ts:105:16)\n    at getRet (http://localhost:4200/__cypress/runner/cypress_runner.js:122460:20)\n    at tryCatcher (http://localhost:4200/__cypress/runner/cypress_runner.js:1777:23)\n    at Promise.attempt.Promise.try (http://localhost:4200/__cypress/runner/cypress_runner.js:4285:29)\n    at Context.thenFn (http://localhost:4200/__cypress/runner/cypress_runner.js:122471:66)",
                    "diff": null
                  },
                  "uuid": "547e4dcb-88a7-4bd8-869a-5bc07d0b9a38",
                  "parentUUID": "4f58f0f0-a132-439b-be59-4ef39d6b1363",
                  "isHook": false,
                  "skipped": false
                },
                {
                  "title": "stays on login page after failed login",
                  "fullTitle": "Login E2E tests Login Functionality - Alternative Without Wait stays on login page after failed login",
                  "timedOut": null,
                  "duration": 883,
                  "state": "passed",
                  "speed": "fast",
                  "pass": true,
                  "fail": false,
                  "pending": false,
                  "context": null,
                  "code": "cy.get('input#username').type('wrong@example.com');\ncy.get('input#password').type('wrongpassword');\ncy.get('form').submit();\ncy.url({ timeout: 5000 }).should('include', '/login');",
                  "err": {},
                  "uuid": "e650078f-6859-4210-9568-6ca2716f2277",
                  "parentUUID": "4f58f0f0-a132-439b-be59-4ef39d6b1363",
                  "isHook": false,
                  "skipped": false
                }
              ],
              "suites": [],
              "passes": [
                "27bca6fe-a8dd-4b01-918f-1bf38f39c294",
                "e650078f-6859-4210-9568-6ca2716f2277"
              ],
              "failures": [
                "547e4dcb-88a7-4bd8-869a-5bc07d0b9a38"
              ],
              "pending": [],
              "skipped": [],
              "duration": 2935,
              "root": false,
              "rootEmpty": false,
              "_timeout": 2000
            },
            {
              "uuid": "f395f11d-d494-45c8-81d2-b0aec5344348",
              "title": "Loading State",
              "fullFile": "",
              "file": "",
              "beforeHooks": [],
              "afterHooks": [],
              "tests": [
                {
                  "title": "disables submit button during login",
                  "fullTitle": "Login E2E tests Loading State disables submit button during login",
                  "timedOut": null,
                  "duration": 824,
                  "state": "passed",
                  "speed": "fast",
                  "pass": true,
                  "fail": false,
                  "pending": false,
                  "context": null,
                  "code": "cy.intercept('POST', `${apiUrl}/login`, (req) => {\n    req.on('response', (res) => {\n        res.setDelay(1000);\n    });\n}).as('loginRequest');\ncy.get('input#username').type('m@yopmail.com');\ncy.get('input#password').type('123456');\ncy.get('button[type=\"submit\"]').click();\ncy.get('button[type=\"submit\"]').should('be.disabled');",
                  "err": {},
                  "uuid": "8d27ea68-e54f-434e-8019-c69a1dc45b84",
                  "parentUUID": "f395f11d-d494-45c8-81d2-b0aec5344348",
                  "isHook": false,
                  "skipped": false
                }
              ],
              "suites": [],
              "passes": [
                "8d27ea68-e54f-434e-8019-c69a1dc45b84"
              ],
              "failures": [],
              "pending": [],
              "skipped": [],
              "duration": 824,
              "root": false,
              "rootEmpty": false,
              "_timeout": 2000
            },
            {
              "uuid": "a2132d52-55c2-46dd-9a46-11a28fa04804",
              "title": "Google OAuth",
              "fullFile": "",
              "file": "",
              "beforeHooks": [],
              "afterHooks": [],
              "tests": [
                {
                  "title": "has Google login button",
                  "fullTitle": "Login E2E tests Google OAuth has Google login button",
                  "timedOut": null,
                  "duration": 192,
                  "state": "passed",
                  "speed": "fast",
                  "pass": true,
                  "fail": false,
                  "pending": false,
                  "context": null,
                  "code": "cy.get('button').contains(/google/i).should('exist');",
                  "err": {},
                  "uuid": "53db0ced-5718-47d9-8e0d-f3287a389b91",
                  "parentUUID": "a2132d52-55c2-46dd-9a46-11a28fa04804",
                  "isHook": false,
                  "skipped": false
                },
                {
                  "title": "Google login button triggers redirect",
                  "fullTitle": "Login E2E tests Google OAuth Google login button triggers redirect",
                  "timedOut": null,
                  "duration": 211,
                  "state": "passed",
                  "speed": "fast",
                  "pass": true,
                  "fail": false,
                  "pending": false,
                  "context": null,
                  "code": "cy.get('button').contains(/google/i).should('be.visible').and('not.be.disabled');",
                  "err": {},
                  "uuid": "65eb4d0b-edad-4e71-b4c6-706e64b064a4",
                  "parentUUID": "a2132d52-55c2-46dd-9a46-11a28fa04804",
                  "isHook": false,
                  "skipped": false
                }
              ],
              "suites": [],
              "passes": [
                "53db0ced-5718-47d9-8e0d-f3287a389b91",
                "65eb4d0b-edad-4e71-b4c6-706e64b064a4"
              ],
              "failures": [],
              "pending": [],
              "skipped": [],
              "duration": 403,
              "root": false,
              "rootEmpty": false,
              "_timeout": 2000
            },
            {
              "uuid": "83b1f1f8-1706-4660-8ecc-27ae935be06c",
              "title": "Navigation",
              "fullFile": "",
              "file": "",
              "beforeHooks": [],
              "afterHooks": [],
              "tests": [
                {
                  "title": "can navigate to registration page if link exists",
                  "fullTitle": "Login E2E tests Navigation can navigate to registration page if link exists",
                  "timedOut": null,
                  "duration": 207,
                  "state": "passed",
                  "speed": "fast",
                  "pass": true,
                  "fail": false,
                  "pending": false,
                  "context": null,
                  "code": "cy.get('body').then(($body) => {\n    if ($body.find('a[href*=\"/register\"]').length > 0) {\n        cy.get('a[href*=\"/register\"]').should('be.visible');\n    }\n    else {\n        cy.log('Registration link not found - skipping test');\n    }\n});",
                  "err": {},
                  "uuid": "326cc21e-3143-4237-8bc0-9163e1b0de55",
                  "parentUUID": "83b1f1f8-1706-4660-8ecc-27ae935be06c",
                  "isHook": false,
                  "skipped": false
                },
                {
                  "title": "can navigate to forgot password page if link exists",
                  "fullTitle": "Login E2E tests Navigation can navigate to forgot password page if link exists",
                  "timedOut": null,
                  "duration": 220,
                  "state": "passed",
                  "speed": "fast",
                  "pass": true,
                  "fail": false,
                  "pending": false,
                  "context": null,
                  "code": "cy.get('body').then(($body) => {\n    if ($body.find('a[href*=\"/forgot\"]').length > 0) {\n        cy.get('a[href*=\"/forgot\"]').should('be.visible');\n    }\n    else {\n        cy.log('Forgot password link not found - skipping test');\n    }\n});",
                  "err": {},
                  "uuid": "80205453-8c9c-4b40-bd8a-94f1f32a1d00",
                  "parentUUID": "83b1f1f8-1706-4660-8ecc-27ae935be06c",
                  "isHook": false,
                  "skipped": false
                }
              ],
              "suites": [],
              "passes": [
                "326cc21e-3143-4237-8bc0-9163e1b0de55",
                "80205453-8c9c-4b40-bd8a-94f1f32a1d00"
              ],
              "failures": [],
              "pending": [],
              "skipped": [],
              "duration": 427,
              "root": false,
              "rootEmpty": false,
              "_timeout": 2000
            },
            {
              "uuid": "4299f25d-33fe-4bd1-ac34-40aa3971c7d3",
              "title": "Form Behavior",
              "fullFile": "",
              "file": "",
              "beforeHooks": [],
              "afterHooks": [],
              "tests": [
                {
                  "title": "retains email on failed login attempt",
                  "fullTitle": "Login E2E tests Form Behavior retains email on failed login attempt",
                  "timedOut": null,
                  "duration": 2955,
                  "state": "passed",
                  "speed": "fast",
                  "pass": true,
                  "fail": false,
                  "pending": false,
                  "context": null,
                  "code": "cy.get('input#username').type('wrong@example.com');\ncy.get('input#password').type('wrongpassword');\ncy.get('form').submit();\ncy.wait(2000);\ncy.get('input#username').should('have.value', 'wrong@example.com');",
                  "err": {},
                  "uuid": "59c37887-d81f-4314-90f0-be68712e366d",
                  "parentUUID": "4299f25d-33fe-4bd1-ac34-40aa3971c7d3",
                  "isHook": false,
                  "skipped": false
                },
                {
                  "title": "allows retry after failed login",
                  "fullTitle": "Login E2E tests Form Behavior allows retry after failed login",
                  "timedOut": null,
                  "duration": 3764,
                  "state": "passed",
                  "speed": "fast",
                  "pass": true,
                  "fail": false,
                  "pending": false,
                  "context": null,
                  "code": "cy.get('input#username').type('wrong@example.com');\ncy.get('input#password').type('wrongpassword');\ncy.get('form').submit();\ncy.wait(2000);\ncy.get('input#username').clear().type('m@yopmail.com');\ncy.get('input#password').clear().type('123456');\ncy.get('form').submit();\ncy.url({ timeout: 10000 }).should('include', '/tasks');",
                  "err": {},
                  "uuid": "f7299bf5-74e8-4ee0-ae95-afe0a0b1219c",
                  "parentUUID": "4299f25d-33fe-4bd1-ac34-40aa3971c7d3",
                  "isHook": false,
                  "skipped": false
                }
              ],
              "suites": [],
              "passes": [
                "59c37887-d81f-4314-90f0-be68712e366d",
                "f7299bf5-74e8-4ee0-ae95-afe0a0b1219c"
              ],
              "failures": [],
              "pending": [],
              "skipped": [],
              "duration": 6719,
              "root": false,
              "rootEmpty": false,
              "_timeout": 2000
            },
            {
              "uuid": "588b1be8-de21-40de-b203-61a49693cf03",
              "title": "Security",
              "fullFile": "",
              "file": "",
              "beforeHooks": [],
              "afterHooks": [],
              "tests": [
                {
                  "title": "password field masks input",
                  "fullTitle": "Login E2E tests Security password field masks input",
                  "timedOut": null,
                  "duration": 214,
                  "state": "passed",
                  "speed": "fast",
                  "pass": true,
                  "fail": false,
                  "pending": false,
                  "context": null,
                  "code": "cy.get('input#password').should('have.attr', 'type', 'password');",
                  "err": {},
                  "uuid": "3a29235c-3574-4e0b-9d59-972e8d91c826",
                  "parentUUID": "588b1be8-de21-40de-b203-61a49693cf03",
                  "isHook": false,
                  "skipped": false
                },
                {
                  "title": "form has proper attributes",
                  "fullTitle": "Login E2E tests Security form has proper attributes",
                  "timedOut": null,
                  "duration": 209,
                  "state": "passed",
                  "speed": "fast",
                  "pass": true,
                  "fail": false,
                  "pending": false,
                  "context": null,
                  "code": "cy.get('form').should('exist');\ncy.get('input#username').invoke('attr', 'type').should('match', /text|email/);",
                  "err": {},
                  "uuid": "6b4d8a23-4bd0-4b5b-b2b8-db0d70896ff8",
                  "parentUUID": "588b1be8-de21-40de-b203-61a49693cf03",
                  "isHook": false,
                  "skipped": false
                }
              ],
              "suites": [],
              "passes": [
                "3a29235c-3574-4e0b-9d59-972e8d91c826",
                "6b4d8a23-4bd0-4b5b-b2b8-db0d70896ff8"
              ],
              "failures": [],
              "pending": [],
              "skipped": [],
              "duration": 423,
              "root": false,
              "rootEmpty": false,
              "_timeout": 2000
            },
            {
              "uuid": "657c3c85-01ad-4f7c-9811-2fddee6a721b",
              "title": "Accessibility",
              "fullFile": "",
              "file": "",
              "beforeHooks": [],
              "afterHooks": [],
              "tests": [
                {
                  "title": "form fields have labels or placeholders",
                  "fullTitle": "Login E2E tests Accessibility form fields have labels or placeholders",
                  "timedOut": null,
                  "duration": 338,
                  "state": "failed",
                  "speed": null,
                  "pass": false,
                  "fail": true,
                  "pending": false,
                  "context": null,
                  "code": "cy.get('input#username').then(($input) => {\n    expect($input.attr('placeholder') ||\n        $input.attr('aria-label') ||\n        $input.attr('aria-labelledby')).to.exist;\n});\ncy.get('input#password').then(($input) => {\n    expect($input.attr('placeholder') ||\n        $input.attr('aria-label') ||\n        $input.attr('aria-labelledby')).to.exist;\n});",
                  "err": {
                    "message": "AssertionError: expected undefined to exist",
                    "estack": "AssertionError: expected undefined to exist\n    at Context.eval (webpack://task-manager/./cypress/e2e/test_login.cy.ts:211:13)\n    at getRet (http://localhost:4200/__cypress/runner/cypress_runner.js:122460:20)\n    at tryCatcher (http://localhost:4200/__cypress/runner/cypress_runner.js:1777:23)",
                    "diff": null
                  },
                  "uuid": "aafeeb54-ce3c-4127-b97e-dad367937e88",
                  "parentUUID": "657c3c85-01ad-4f7c-9811-2fddee6a721b",
                  "isHook": false,
                  "skipped": false
                },
                {
                  "title": "can tab between form fields",
                  "fullTitle": "Login E2E tests Accessibility can tab between form fields",
                  "timedOut": null,
                  "duration": 289,
                  "state": "failed",
                  "speed": null,
                  "pass": false,
                  "fail": true,
                  "pending": false,
                  "context": null,
                  "code": "cy.get('input#username').focus().should('have.focus');\ncy.get('input#username').realPress('Tab');\ncy.focused().should('have.attr', 'id', 'password');",
                  "err": {
                    "message": "TypeError: cy.get(...).realPress is not a function",
                    "estack": "TypeError: cy.get(...).realPress is not a function\n    at Context.eval (webpack://task-manager/./cypress/e2e/test_login.cy.ts:225:31)\n    at runnable.fn (http://localhost:4200/__cypress/runner/cypress_runner.js:146091:19)\n    at callFn (http://localhost:4200/__cypress/runner/cypress_runner.js:165185:21)\n    at Runnable.run (http://localhost:4200/__cypress/runner/cypress_runner.js:165172:7)\n    at <unknown> (http://localhost:4200/__cypress/runner/cypress_runner.js:171267:30)\n    at PassThroughHandlerContext.finallyHandler (http://localhost:4200/__cypress/runner/cypress_runner.js:4042:23)\n    at PassThroughHandlerContext.tryCatcher (http://localhost:4200/__cypress/runner/cypress_runner.js:1777:23)\n    at Promise._settlePromiseFromHandler (http://localhost:4200/__cypress/runner/cypress_runner.js:1489:31)\n    at Promise._settlePromise (http://localhost:4200/__cypress/runner/cypress_runner.js:1546:18)",
                    "diff": null
                  },
                  "uuid": "4cf9ea2d-3962-4a41-a884-45713213a809",
                  "parentUUID": "657c3c85-01ad-4f7c-9811-2fddee6a721b",
                  "isHook": false,
                  "skipped": false
                }
              ],
              "suites": [],
              "passes": [],
              "failures": [
                "aafeeb54-ce3c-4127-b97e-dad367937e88",
                "4cf9ea2d-3962-4a41-a884-45713213a809"
              ],
              "pending": [],
              "skipped": [],
              "duration": 627,
              "root": false,
              "rootEmpty": false,
              "_timeout": 2000
            },
            {
              "uuid": "3e21c8be-bbd2-465c-91e0-7ad5c0a847bc",
              "title": "Multiple Login Attempts",
              "fullFile": "",
              "file": "",
              "beforeHooks": [],
              "afterHooks": [],
              "tests": [
                {
                  "title": "handles multiple rapid submissions",
                  "fullTitle": "Login E2E tests Multiple Login Attempts handles multiple rapid submissions",
                  "timedOut": null,
                  "duration": 907,
                  "state": "passed",
                  "speed": "fast",
                  "pass": true,
                  "fail": false,
                  "pending": false,
                  "context": null,
                  "code": "cy.intercept('POST', `${apiUrl}/login`).as('loginRequest');\ncy.get('input#username').type('m@yopmail.com');\ncy.get('input#password').type('123456');\ncy.get('form').submit();\ncy.url({ timeout: 10000 }).should('include', '/tasks');",
                  "err": {},
                  "uuid": "5f673f85-c327-44ba-abc2-0c09192dc594",
                  "parentUUID": "3e21c8be-bbd2-465c-91e0-7ad5c0a847bc",
                  "isHook": false,
                  "skipped": false
                }
              ],
              "suites": [],
              "passes": [
                "5f673f85-c327-44ba-abc2-0c09192dc594"
              ],
              "failures": [],
              "pending": [],
              "skipped": [],
              "duration": 907,
              "root": false,
              "rootEmpty": false,
              "_timeout": 2000
            }
          ],
          "passes": [],
          "failures": [],
          "pending": [],
          "skipped": [],
          "duration": 0,
          "root": false,
          "rootEmpty": false,
          "_timeout": 2000
        }
      ],
      "passes": [],
      "failures": [],
      "pending": [],
      "skipped": [],
      "duration": 0,
      "root": true,
      "rootEmpty": true,
      "_timeout": 2000
    }
  ],
  "meta": {
    "mocha": {
      "version": "7.2.0"
    },
    "mochawesome": {
      "options": {
        "quiet": false,
        "reportFilename": "mochawesome",
        "saveHtml": true,
        "saveJson": true,
        "consoleReporter": "spec",
        "useInlineDiffs": false,
        "code": true
      },
      "version": "7.1.4"
    },
    "marge": {
      "options": {
        "reportDir": "cypress/reports",
        "overwrite": false,
        "html": true,
        "json": true,
        "timestamp": "mmddyyyy_HHMMss"
      },
      "version": "6.3.2"
    }
  }
}