{
  "stats": {
    "suites": 11,
    "tests": 22,
    "passes": 18,
    "pending": 0,
    "failures": 4,
    "start": "2025-12-12T21:15:55.128Z",
    "end": "2025-12-12T21:16:30.543Z",
    "duration": 35415,
    "testsRegistered": 22,
    "passPercent": 81.81818181818183,
    "pendingPercent": 0,
    "other": 0,
    "hasOther": false,
    "skipped": 0,
    "hasSkipped": false
  },
  "results": [
    {
      "uuid": "f93f3c8d-3416-4cf4-acb6-9b53127f2e27",
      "title": "",
      "fullFile": "cypress/e2e/test_login.cy.ts",
      "file": "cypress/e2e/test_login.cy.ts",
      "beforeHooks": [],
      "afterHooks": [],
      "tests": [],
      "suites": [
        {
          "uuid": "b7b23f8a-c52f-47e2-9713-2f684d904b03",
          "title": "Login E2E tests",
          "fullFile": "",
          "file": "",
          "beforeHooks": [],
          "afterHooks": [],
          "tests": [],
          "suites": [
            {
              "uuid": "acea0db9-a898-4bc9-9f45-18ae1ccee36f",
              "title": "Form Validation",
              "fullFile": "",
              "file": "",
              "beforeHooks": [],
              "afterHooks": [],
              "tests": [
                {
                  "title": "shows validation error for empty email field",
                  "fullTitle": "Login E2E tests Form Validation shows validation error for empty email field",
                  "timedOut": null,
                  "duration": 1515,
                  "state": "passed",
                  "speed": "fast",
                  "pass": true,
                  "fail": false,
                  "pending": false,
                  "context": null,
                  "code": "cy.get('input#password').type('testpassword123');\ncy.get('input#username').focus().blur();\ncy.get('input#username').should('have.class', 'ng-invalid');",
                  "err": {},
                  "uuid": "be8463e0-b622-422b-8720-eec9dd43b7b2",
                  "parentUUID": "acea0db9-a898-4bc9-9f45-18ae1ccee36f",
                  "isHook": false,
                  "skipped": false
                },
                {
                  "title": "shows validation error for invalid email format",
                  "fullTitle": "Login E2E tests Form Validation shows validation error for invalid email format",
                  "timedOut": null,
                  "duration": 541,
                  "state": "passed",
                  "speed": "fast",
                  "pass": true,
                  "fail": false,
                  "pending": false,
                  "context": null,
                  "code": "cy.get('input#username').type('invalidemail');\ncy.get('input#username').blur();\ncy.get('input#username').should('have.class', 'ng-invalid');",
                  "err": {},
                  "uuid": "2244376b-2b63-44dd-9323-4a3e1c2ab731",
                  "parentUUID": "acea0db9-a898-4bc9-9f45-18ae1ccee36f",
                  "isHook": false,
                  "skipped": false
                },
                {
                  "title": "shows validation error for empty password field",
                  "fullTitle": "Login E2E tests Form Validation shows validation error for empty password field",
                  "timedOut": null,
                  "duration": 622,
                  "state": "passed",
                  "speed": "fast",
                  "pass": true,
                  "fail": false,
                  "pending": false,
                  "context": null,
                  "code": "cy.get('input#username').type('test@example.com');\ncy.get('input#password').focus().blur();\ncy.get('input#password').should('have.class', 'ng-invalid');",
                  "err": {},
                  "uuid": "933ba181-fd31-439d-be7b-551d8e7069a3",
                  "parentUUID": "acea0db9-a898-4bc9-9f45-18ae1ccee36f",
                  "isHook": false,
                  "skipped": false
                },
                {
                  "title": "enables submit when form is valid",
                  "fullTitle": "Login E2E tests Form Validation enables submit when form is valid",
                  "timedOut": null,
                  "duration": 901,
                  "state": "passed",
                  "speed": "fast",
                  "pass": true,
                  "fail": false,
                  "pending": false,
                  "context": null,
                  "code": "cy.get('input#username').type('test@example.com');\ncy.get('input#password').type('password123');\ncy.get('button[type=\"submit\"]').should('not.be.disabled');",
                  "err": {},
                  "uuid": "7383f92a-40b4-49b9-83e8-50e9a9fccab9",
                  "parentUUID": "acea0db9-a898-4bc9-9f45-18ae1ccee36f",
                  "isHook": false,
                  "skipped": false
                }
              ],
              "suites": [],
              "passes": [
                "be8463e0-b622-422b-8720-eec9dd43b7b2",
                "2244376b-2b63-44dd-9323-4a3e1c2ab731",
                "933ba181-fd31-439d-be7b-551d8e7069a3",
                "7383f92a-40b4-49b9-83e8-50e9a9fccab9"
              ],
              "failures": [],
              "pending": [],
              "skipped": [],
              "duration": 3579,
              "root": false,
              "rootEmpty": false,
              "_timeout": 2000
            },
            {
              "uuid": "f0e543db-c310-4752-82ed-84b7d8011542",
              "title": "Login Functionality",
              "fullFile": "",
              "file": "",
              "beforeHooks": [],
              "afterHooks": [],
              "tests": [
                {
                  "title": "logs in successfully with valid credentials",
                  "fullTitle": "Login E2E tests Login Functionality logs in successfully with valid credentials",
                  "timedOut": null,
                  "duration": 1070,
                  "state": "passed",
                  "speed": "fast",
                  "pass": true,
                  "fail": false,
                  "pending": false,
                  "context": null,
                  "code": "cy.intercept('POST', `${apiUrl}/login`).as('loginRequest');\ncy.get('input#username').type('m@yopmail.com');\ncy.get('input#password').type('123456');\ncy.get('form').submit();\ncy.wait('@loginRequest').its('response.statusCode').should('eq', 200);\ncy.url({ timeout: 10000 }).should('include', '/tasks');",
                  "err": {},
                  "uuid": "3d093e8d-d2ba-4be5-892f-3ca5ec372e99",
                  "parentUUID": "f0e543db-c310-4752-82ed-84b7d8011542",
                  "isHook": false,
                  "skipped": false
                },
                {
                  "title": "displays error for invalid credentials",
                  "fullTitle": "Login E2E tests Login Functionality displays error for invalid credentials",
                  "timedOut": null,
                  "duration": 7394,
                  "state": "failed",
                  "speed": null,
                  "pass": false,
                  "fail": true,
                  "pending": false,
                  "context": null,
                  "code": "cy.intercept('POST', `${apiUrl}/login`).as('loginRequest');\ncy.get('input#username').type('wrong@example.com');\ncy.get('input#password').type('wrongpassword');\ncy.get('form').submit();\ncy.wait('@loginRequest');\n// Wait for error message to appear and check for it\ncy.wait(1000);\ncy.get('.error-message, [class*=\"error\"], .alert-danger', { timeout: 5000 })\n    .should('exist')\n    .and('be.visible');",
                  "err": {
                    "message": "AssertionError: Timed out retrying after 5000ms: Expected to find element: `.error-message, [class*=\"error\"], .alert-danger`, but never found it.",
                    "estack": "AssertionError: Timed out retrying after 5000ms: Expected to find element: `.error-message, [class*=\"error\"], .alert-danger`, but never found it.\n    at Context.eval (webpack://task-manager/./cypress/e2e/test_login.cy.ts:66:9)",
                    "diff": null
                  },
                  "uuid": "f3b776dd-550a-480b-9905-0307c5366345",
                  "parentUUID": "f0e543db-c310-4752-82ed-84b7d8011542",
                  "isHook": false,
                  "skipped": false
                },
                {
                  "title": "handles server error gracefully",
                  "fullTitle": "Login E2E tests Login Functionality handles server error gracefully",
                  "timedOut": null,
                  "duration": 5042,
                  "state": "failed",
                  "speed": null,
                  "pass": false,
                  "fail": true,
                  "pending": false,
                  "context": null,
                  "code": "cy.intercept('POST', `${apiUrl}/login`).as('loginRequest');\ncy.get('input#username').type('test@example.com');\ncy.get('input#password').type('password123');\ncy.get('form').submit();\ncy.wait('@loginRequest');\n// Check if redirected to tasks or showing error\ncy.url({ timeout: 10000 }).then((url) => {\n    if (url.includes('/tasks')) {\n        cy.log('Login succeeded - redirected to tasks');\n    }\n    else {\n        cy.get('.error-message, [class*=\"error\"]').should('exist');\n    }\n});",
                  "err": {
                    "message": "AssertionError: Timed out retrying after 4000ms: Expected to find element: `.error-message, [class*=\"error\"]`, but never found it.",
                    "estack": "AssertionError: Timed out retrying after 4000ms: Expected to find element: `.error-message, [class*=\"error\"]`, but never found it.\n    at Context.eval (webpack://task-manager/./cypress/e2e/test_login.cy.ts:84:53)\n    at getRet (http://localhost:4200/__cypress/runner/cypress_runner.js:122460:20)\n    at tryCatcher (http://localhost:4200/__cypress/runner/cypress_runner.js:1777:23)\n    at Promise.attempt.Promise.try (http://localhost:4200/__cypress/runner/cypress_runner.js:4285:29)\n    at Context.thenFn (http://localhost:4200/__cypress/runner/cypress_runner.js:122471:66)\n    at Context.then (http://localhost:4200/__cypress/runner/cypress_runner.js:122722:21)\n    at wrapped (http://localhost:4200/__cypress/runner/cypress_runner.js:145818:19)",
                    "diff": null
                  },
                  "uuid": "044c9565-6f00-4da8-a821-47eb299a3602",
                  "parentUUID": "f0e543db-c310-4752-82ed-84b7d8011542",
                  "isHook": false,
                  "skipped": false
                }
              ],
              "suites": [],
              "passes": [
                "3d093e8d-d2ba-4be5-892f-3ca5ec372e99"
              ],
              "failures": [
                "f3b776dd-550a-480b-9905-0307c5366345",
                "044c9565-6f00-4da8-a821-47eb299a3602"
              ],
              "pending": [],
              "skipped": [],
              "duration": 13506,
              "root": false,
              "rootEmpty": false,
              "_timeout": 2000
            },
            {
              "uuid": "64831931-ded8-4487-802a-6b463c1b6569",
              "title": "Login Functionality - Alternative Without Wait",
              "fullFile": "",
              "file": "",
              "beforeHooks": [],
              "afterHooks": [],
              "tests": [
                {
                  "title": "logs in successfully and redirects to tasks page",
                  "fullTitle": "Login E2E tests Login Functionality - Alternative Without Wait logs in successfully and redirects to tasks page",
                  "timedOut": null,
                  "duration": 841,
                  "state": "passed",
                  "speed": "fast",
                  "pass": true,
                  "fail": false,
                  "pending": false,
                  "context": null,
                  "code": "cy.get('input#username').type('m@yopmail.com');\ncy.get('input#password').type('123456');\ncy.get('form').submit();\ncy.url({ timeout: 10000 }).should('include', '/tasks');\ncy.contains(/tasks/i, { timeout: 10000 }).should('be.visible');",
                  "err": {},
                  "uuid": "7c50f915-b675-4e27-a2a3-ef98d514890d",
                  "parentUUID": "64831931-ded8-4487-802a-6b463c1b6569",
                  "isHook": false,
                  "skipped": false
                },
                {
                  "title": "displays error for invalid credentials",
                  "fullTitle": "Login E2E tests Login Functionality - Alternative Without Wait displays error for invalid credentials",
                  "timedOut": null,
                  "duration": 3117,
                  "state": "failed",
                  "speed": null,
                  "pass": false,
                  "fail": true,
                  "pending": false,
                  "context": null,
                  "code": "cy.get('input#username').type('invalid@example.com');\ncy.get('input#password').type('wrongpassword');\ncy.get('form').submit();\n// Wait a bit for the response\ncy.wait(2000);\n// Check if still on login page (which indicates failed login)\ncy.url().should('include', '/login');\n// Look for any error indicator\ncy.get('body').then(($body) => {\n    const hasErrorClass = $body.find('.error-message, [class*=\"error\"], .alert').length > 0;\n    const hasErrorText = $body.text().toLowerCase().includes('invalid') ||\n        $body.text().toLowerCase().includes('failed') ||\n        $body.text().toLowerCase().includes('error');\n    expect(hasErrorClass || hasErrorText, 'Should show error message or indicator').to.be.true;\n});",
                  "err": {
                    "message": "AssertionError: Should show error message or indicator: expected false to be true",
                    "estack": "AssertionError: Should show error message or indicator: expected false to be true\n    at Object.proxyGetter [as get] (http://localhost:4200/__cypress/runner/cypress_runner.js:80772:22)\n    at Context.eval (webpack://task-manager/./cypress/e2e/test_login.cy.ts:119:94)\n    at getRet (http://localhost:4200/__cypress/runner/cypress_runner.js:122460:20)\n    at tryCatcher (http://localhost:4200/__cypress/runner/cypress_runner.js:1777:23)\n    at Promise.attempt.Promise.try (http://localhost:4200/__cypress/runner/cypress_runner.js:4285:29)",
                    "diff": null
                  },
                  "uuid": "314cc075-ca36-4301-a40d-d802eade9aa5",
                  "parentUUID": "64831931-ded8-4487-802a-6b463c1b6569",
                  "isHook": false,
                  "skipped": false
                },
                {
                  "title": "stays on login page after failed login",
                  "fullTitle": "Login E2E tests Login Functionality - Alternative Without Wait stays on login page after failed login",
                  "timedOut": null,
                  "duration": 928,
                  "state": "passed",
                  "speed": "fast",
                  "pass": true,
                  "fail": false,
                  "pending": false,
                  "context": null,
                  "code": "cy.get('input#username').type('wrong@example.com');\ncy.get('input#password').type('wrongpassword');\ncy.get('form').submit();\ncy.url({ timeout: 5000 }).should('include', '/login');",
                  "err": {},
                  "uuid": "51f40fae-f666-4760-bfee-4aaa3796569d",
                  "parentUUID": "64831931-ded8-4487-802a-6b463c1b6569",
                  "isHook": false,
                  "skipped": false
                }
              ],
              "suites": [],
              "passes": [
                "7c50f915-b675-4e27-a2a3-ef98d514890d",
                "51f40fae-f666-4760-bfee-4aaa3796569d"
              ],
              "failures": [
                "314cc075-ca36-4301-a40d-d802eade9aa5"
              ],
              "pending": [],
              "skipped": [],
              "duration": 4886,
              "root": false,
              "rootEmpty": false,
              "_timeout": 2000
            },
            {
              "uuid": "98d22a04-ccab-482d-bf0c-a4c838e823c9",
              "title": "Loading State",
              "fullFile": "",
              "file": "",
              "beforeHooks": [],
              "afterHooks": [],
              "tests": [
                {
                  "title": "disables submit button during login",
                  "fullTitle": "Login E2E tests Loading State disables submit button during login",
                  "timedOut": null,
                  "duration": 769,
                  "state": "passed",
                  "speed": "fast",
                  "pass": true,
                  "fail": false,
                  "pending": false,
                  "context": null,
                  "code": "cy.intercept('POST', `${apiUrl}/login`, (req) => {\n    req.on('response', (res) => {\n        res.setDelay(1000);\n    });\n}).as('loginRequest');\ncy.get('input#username').type('m@yopmail.com');\ncy.get('input#password').type('123456');\ncy.get('button[type=\"submit\"]').click();\n// Check disabled state immediately after click\ncy.get('button[type=\"submit\"]').should('be.disabled');",
                  "err": {},
                  "uuid": "7bb57cff-704f-4ffd-8708-ee7a841cff2c",
                  "parentUUID": "98d22a04-ccab-482d-bf0c-a4c838e823c9",
                  "isHook": false,
                  "skipped": false
                }
              ],
              "suites": [],
              "passes": [
                "7bb57cff-704f-4ffd-8708-ee7a841cff2c"
              ],
              "failures": [],
              "pending": [],
              "skipped": [],
              "duration": 769,
              "root": false,
              "rootEmpty": false,
              "_timeout": 2000
            },
            {
              "uuid": "6a80be47-75b9-47fa-9cda-bcc836b01992",
              "title": "Google OAuth",
              "fullFile": "",
              "file": "",
              "beforeHooks": [],
              "afterHooks": [],
              "tests": [
                {
                  "title": "has Google login button",
                  "fullTitle": "Login E2E tests Google OAuth has Google login button",
                  "timedOut": null,
                  "duration": 207,
                  "state": "passed",
                  "speed": "fast",
                  "pass": true,
                  "fail": false,
                  "pending": false,
                  "context": null,
                  "code": "cy.get('button').contains(/google/i).should('exist');",
                  "err": {},
                  "uuid": "3a84d413-b62b-405d-9d89-1204b5e1a926",
                  "parentUUID": "6a80be47-75b9-47fa-9cda-bcc836b01992",
                  "isHook": false,
                  "skipped": false
                },
                {
                  "title": "Google login button triggers redirect",
                  "fullTitle": "Login E2E tests Google OAuth Google login button triggers redirect",
                  "timedOut": null,
                  "duration": 189,
                  "state": "passed",
                  "speed": "fast",
                  "pass": true,
                  "fail": false,
                  "pending": false,
                  "context": null,
                  "code": "cy.get('button').contains(/google/i).should('be.visible').and('not.be.disabled');",
                  "err": {},
                  "uuid": "f2d3f4cf-998e-410c-aabf-2672a4af0587",
                  "parentUUID": "6a80be47-75b9-47fa-9cda-bcc836b01992",
                  "isHook": false,
                  "skipped": false
                }
              ],
              "suites": [],
              "passes": [
                "3a84d413-b62b-405d-9d89-1204b5e1a926",
                "f2d3f4cf-998e-410c-aabf-2672a4af0587"
              ],
              "failures": [],
              "pending": [],
              "skipped": [],
              "duration": 396,
              "root": false,
              "rootEmpty": false,
              "_timeout": 2000
            },
            {
              "uuid": "8b02ec9e-b4b4-4451-8e77-09b1090dba0d",
              "title": "Navigation",
              "fullFile": "",
              "file": "",
              "beforeHooks": [],
              "afterHooks": [],
              "tests": [
                {
                  "title": "can navigate to registration page if link exists",
                  "fullTitle": "Login E2E tests Navigation can navigate to registration page if link exists",
                  "timedOut": null,
                  "duration": 194,
                  "state": "passed",
                  "speed": "fast",
                  "pass": true,
                  "fail": false,
                  "pending": false,
                  "context": null,
                  "code": "cy.get('body').then(($body) => {\n    if ($body.find('a[href*=\"/register\"]').length > 0) {\n        cy.get('a[href*=\"/register\"]').should('be.visible');\n    }\n    else {\n        cy.log('Registration link not found - skipping test');\n    }\n});",
                  "err": {},
                  "uuid": "af5025b9-5961-4afa-92d8-115bb64a0627",
                  "parentUUID": "8b02ec9e-b4b4-4451-8e77-09b1090dba0d",
                  "isHook": false,
                  "skipped": false
                },
                {
                  "title": "can navigate to forgot password page if link exists",
                  "fullTitle": "Login E2E tests Navigation can navigate to forgot password page if link exists",
                  "timedOut": null,
                  "duration": 190,
                  "state": "passed",
                  "speed": "fast",
                  "pass": true,
                  "fail": false,
                  "pending": false,
                  "context": null,
                  "code": "cy.get('body').then(($body) => {\n    if ($body.find('a[href*=\"/forgot\"]').length > 0) {\n        cy.get('a[href*=\"/forgot\"]').should('be.visible');\n    }\n    else {\n        cy.log('Forgot password link not found - skipping test');\n    }\n});",
                  "err": {},
                  "uuid": "eb4a19cb-e641-4f37-9d31-63107f098093",
                  "parentUUID": "8b02ec9e-b4b4-4451-8e77-09b1090dba0d",
                  "isHook": false,
                  "skipped": false
                }
              ],
              "suites": [],
              "passes": [
                "af5025b9-5961-4afa-92d8-115bb64a0627",
                "eb4a19cb-e641-4f37-9d31-63107f098093"
              ],
              "failures": [],
              "pending": [],
              "skipped": [],
              "duration": 384,
              "root": false,
              "rootEmpty": false,
              "_timeout": 2000
            },
            {
              "uuid": "ef2cdfe1-6a40-429c-a1c5-694a5f21dc12",
              "title": "Form Behavior",
              "fullFile": "",
              "file": "",
              "beforeHooks": [],
              "afterHooks": [],
              "tests": [
                {
                  "title": "retains email on failed login attempt",
                  "fullTitle": "Login E2E tests Form Behavior retains email on failed login attempt",
                  "timedOut": null,
                  "duration": 2888,
                  "state": "passed",
                  "speed": "fast",
                  "pass": true,
                  "fail": false,
                  "pending": false,
                  "context": null,
                  "code": "cy.get('input#username').type('wrong@example.com');\ncy.get('input#password').type('wrongpassword');\ncy.get('form').submit();\ncy.wait(2000);\ncy.get('input#username').should('have.value', 'wrong@example.com');",
                  "err": {},
                  "uuid": "efdab3bd-b5b6-42ce-b168-e39072c04b56",
                  "parentUUID": "ef2cdfe1-6a40-429c-a1c5-694a5f21dc12",
                  "isHook": false,
                  "skipped": false
                },
                {
                  "title": "allows retry after failed login",
                  "fullTitle": "Login E2E tests Form Behavior allows retry after failed login",
                  "timedOut": null,
                  "duration": 3828,
                  "state": "passed",
                  "speed": "fast",
                  "pass": true,
                  "fail": false,
                  "pending": false,
                  "context": null,
                  "code": "cy.get('input#username').type('wrong@example.com');\ncy.get('input#password').type('wrongpassword');\ncy.get('form').submit();\ncy.wait(2000);\ncy.get('input#username').clear().type('m@yopmail.com');\ncy.get('input#password').clear().type('123456');\ncy.get('form').submit();\ncy.url({ timeout: 10000 }).should('include', '/tasks');",
                  "err": {},
                  "uuid": "c733a1d4-9fba-4ea6-8e05-1009e7fd721b",
                  "parentUUID": "ef2cdfe1-6a40-429c-a1c5-694a5f21dc12",
                  "isHook": false,
                  "skipped": false
                }
              ],
              "suites": [],
              "passes": [
                "efdab3bd-b5b6-42ce-b168-e39072c04b56",
                "c733a1d4-9fba-4ea6-8e05-1009e7fd721b"
              ],
              "failures": [],
              "pending": [],
              "skipped": [],
              "duration": 6716,
              "root": false,
              "rootEmpty": false,
              "_timeout": 2000
            },
            {
              "uuid": "fe3257bd-f975-4faa-a267-4d6b71a2c5f7",
              "title": "Security",
              "fullFile": "",
              "file": "",
              "beforeHooks": [],
              "afterHooks": [],
              "tests": [
                {
                  "title": "password field masks input",
                  "fullTitle": "Login E2E tests Security password field masks input",
                  "timedOut": null,
                  "duration": 162,
                  "state": "passed",
                  "speed": "fast",
                  "pass": true,
                  "fail": false,
                  "pending": false,
                  "context": null,
                  "code": "cy.get('input#password').should('have.attr', 'type', 'password');",
                  "err": {},
                  "uuid": "d7867767-bf3d-4dcb-a719-b5b48254850e",
                  "parentUUID": "fe3257bd-f975-4faa-a267-4d6b71a2c5f7",
                  "isHook": false,
                  "skipped": false
                },
                {
                  "title": "form has proper attributes",
                  "fullTitle": "Login E2E tests Security form has proper attributes",
                  "timedOut": null,
                  "duration": 272,
                  "state": "passed",
                  "speed": "fast",
                  "pass": true,
                  "fail": false,
                  "pending": false,
                  "context": null,
                  "code": "cy.get('form').should('exist');\ncy.get('input#username').invoke('attr', 'type').should('match', /text|email/);",
                  "err": {},
                  "uuid": "fdcc70ca-cbe2-42c4-976b-0974a426ec2c",
                  "parentUUID": "fe3257bd-f975-4faa-a267-4d6b71a2c5f7",
                  "isHook": false,
                  "skipped": false
                }
              ],
              "suites": [],
              "passes": [
                "d7867767-bf3d-4dcb-a719-b5b48254850e",
                "fdcc70ca-cbe2-42c4-976b-0974a426ec2c"
              ],
              "failures": [],
              "pending": [],
              "skipped": [],
              "duration": 434,
              "root": false,
              "rootEmpty": false,
              "_timeout": 2000
            },
            {
              "uuid": "1cd026e5-33c8-443d-bddc-34aa659d1087",
              "title": "Accessibility",
              "fullFile": "",
              "file": "",
              "beforeHooks": [],
              "afterHooks": [],
              "tests": [
                {
                  "title": "form fields have labels or placeholders",
                  "fullTitle": "Login E2E tests Accessibility form fields have labels or placeholders",
                  "timedOut": null,
                  "duration": 204,
                  "state": "passed",
                  "speed": "fast",
                  "pass": true,
                  "fail": false,
                  "pending": false,
                  "context": null,
                  "code": "// Check username field\ncy.get('input#username').then(($input) => {\n    const hasPlaceholder = $input.attr('placeholder') !== undefined && $input.attr('placeholder') !== '';\n    const hasAriaLabel = $input.attr('aria-label') !== undefined;\n    const hasAriaLabelledby = $input.attr('aria-labelledby') !== undefined;\n    const hasLabel = $input.parent().find('label[for=\"username\"]').length > 0 ||\n        Cypress.$('label[for=\"username\"]').length > 0;\n    expect(hasPlaceholder || hasAriaLabel || hasAriaLabelledby || hasLabel, 'Username field should have placeholder, aria-label, aria-labelledby, or associated label').to.be.true;\n});\n// Check password field\ncy.get('input#password').then(($input) => {\n    const hasPlaceholder = $input.attr('placeholder') !== undefined && $input.attr('placeholder') !== '';\n    const hasAriaLabel = $input.attr('aria-label') !== undefined;\n    const hasAriaLabelledby = $input.attr('aria-labelledby') !== undefined;\n    const hasLabel = $input.parent().find('label[for=\"password\"]').length > 0 ||\n        Cypress.$('label[for=\"password\"]').length > 0;\n    expect(hasPlaceholder || hasAriaLabel || hasAriaLabelledby || hasLabel, 'Password field should have placeholder, aria-label, aria-labelledby, or associated label').to.be.true;\n});",
                  "err": {},
                  "uuid": "8a9fb87c-a564-4701-948c-8d304369b2cf",
                  "parentUUID": "1cd026e5-33c8-443d-bddc-34aa659d1087",
                  "isHook": false,
                  "skipped": false
                },
                {
                  "title": "can tab between form fields",
                  "fullTitle": "Login E2E tests Accessibility can tab between form fields",
                  "timedOut": null,
                  "duration": 395,
                  "state": "failed",
                  "speed": null,
                  "pass": false,
                  "fail": true,
                  "pending": false,
                  "context": null,
                  "code": "cy.get('input#username').focus().should('have.focus');\n// Use native tab key instead of realPress\ncy.get('input#username').tab();\ncy.focused().should('have.attr', 'id', 'password');",
                  "err": {
                    "message": "TypeError: cy.get(...).tab is not a function",
                    "estack": "TypeError: cy.get(...).tab is not a function\n    at Context.eval (webpack://task-manager/./cypress/e2e/test_login.cy.ts:254:31)\n    at runnable.fn (http://localhost:4200/__cypress/runner/cypress_runner.js:146091:19)\n    at callFn (http://localhost:4200/__cypress/runner/cypress_runner.js:165185:21)\n    at Runnable.run (http://localhost:4200/__cypress/runner/cypress_runner.js:165172:7)\n    at <unknown> (http://localhost:4200/__cypress/runner/cypress_runner.js:171267:30)\n    at PassThroughHandlerContext.finallyHandler (http://localhost:4200/__cypress/runner/cypress_runner.js:4042:23)\n    at PassThroughHandlerContext.tryCatcher (http://localhost:4200/__cypress/runner/cypress_runner.js:1777:23)\n    at Promise._settlePromiseFromHandler (http://localhost:4200/__cypress/runner/cypress_runner.js:1489:31)\n    at Promise._settlePromise (http://localhost:4200/__cypress/runner/cypress_runner.js:1546:18)",
                    "diff": null
                  },
                  "uuid": "50453baa-1a2e-4894-b3d0-3f92214e88b4",
                  "parentUUID": "1cd026e5-33c8-443d-bddc-34aa659d1087",
                  "isHook": false,
                  "skipped": false
                }
              ],
              "suites": [],
              "passes": [
                "8a9fb87c-a564-4701-948c-8d304369b2cf"
              ],
              "failures": [
                "50453baa-1a2e-4894-b3d0-3f92214e88b4"
              ],
              "pending": [],
              "skipped": [],
              "duration": 599,
              "root": false,
              "rootEmpty": false,
              "_timeout": 2000
            },
            {
              "uuid": "03c4fab9-327a-45cf-a16a-3df0f75dcc85",
              "title": "Multiple Login Attempts",
              "fullFile": "",
              "file": "",
              "beforeHooks": [],
              "afterHooks": [],
              "tests": [
                {
                  "title": "handles multiple rapid submissions",
                  "fullTitle": "Login E2E tests Multiple Login Attempts handles multiple rapid submissions",
                  "timedOut": null,
                  "duration": 825,
                  "state": "passed",
                  "speed": "fast",
                  "pass": true,
                  "fail": false,
                  "pending": false,
                  "context": null,
                  "code": "cy.intercept('POST', `${apiUrl}/login`).as('loginRequest');\ncy.get('input#username').type('m@yopmail.com');\ncy.get('input#password').type('123456');\n// Submit once\ncy.get('form').submit();\n// Should successfully navigate\ncy.url({ timeout: 10000 }).should('include', '/tasks');",
                  "err": {},
                  "uuid": "bfdabdbb-2502-4181-b772-d4cd26c89e75",
                  "parentUUID": "03c4fab9-327a-45cf-a16a-3df0f75dcc85",
                  "isHook": false,
                  "skipped": false
                }
              ],
              "suites": [],
              "passes": [
                "bfdabdbb-2502-4181-b772-d4cd26c89e75"
              ],
              "failures": [],
              "pending": [],
              "skipped": [],
              "duration": 825,
              "root": false,
              "rootEmpty": false,
              "_timeout": 2000
            }
          ],
          "passes": [],
          "failures": [],
          "pending": [],
          "skipped": [],
          "duration": 0,
          "root": false,
          "rootEmpty": false,
          "_timeout": 2000
        }
      ],
      "passes": [],
      "failures": [],
      "pending": [],
      "skipped": [],
      "duration": 0,
      "root": true,
      "rootEmpty": true,
      "_timeout": 2000
    }
  ],
  "meta": {
    "mocha": {
      "version": "7.2.0"
    },
    "mochawesome": {
      "options": {
        "quiet": false,
        "reportFilename": "mochawesome",
        "saveHtml": true,
        "saveJson": true,
        "consoleReporter": "spec",
        "useInlineDiffs": false,
        "code": true
      },
      "version": "7.1.4"
    },
    "marge": {
      "options": {
        "reportDir": "cypress/reports",
        "overwrite": false,
        "html": true,
        "json": true,
        "timestamp": "mmddyyyy_HHMMss"
      },
      "version": "6.3.2"
    }
  }
}